INFO [2024-08-21 14:15:08] $x
INFO [2024-08-21 14:15:08] symbol_lists
INFO [2024-08-21 14:15:08] 
INFO [2024-08-21 14:15:08] $category.names
INFO [2024-08-21 14:15:08] labels
INFO [2024-08-21 14:15:08] 
INFO [2024-08-21 14:15:08] $main
INFO [2024-08-21 14:15:08] title
INFO [2024-08-21 14:15:08] 
INFO [2024-08-21 14:15:08] $main.cex
INFO [2024-08-21 14:15:08] [1] 2
INFO [2024-08-21 14:15:08] 
INFO [2024-08-21 14:15:08] $main.pos
INFO [2024-08-21 14:15:08] c(0.5, 1.1)
INFO [2024-08-21 14:15:08] 
INFO [2024-08-21 14:15:08] $cat.cex
INFO [2024-08-21 14:15:08] [1] 1.5
INFO [2024-08-21 14:15:08] 
INFO [2024-08-21 14:15:08] $cat.pos
INFO [2024-08-21 14:15:08] c(-20, 20)
INFO [2024-08-21 14:15:08] 
INFO [2024-08-21 14:15:08] $cat.dist
INFO [2024-08-21 14:15:08] c(0.05, 0.05)
INFO [2024-08-21 14:15:08] 
INFO [2024-08-21 14:15:08] $height
INFO [2024-08-21 14:15:08] [1] 3000
INFO [2024-08-21 14:15:08] 
INFO [2024-08-21 14:15:08] $width
INFO [2024-08-21 14:15:08] [1] 3000
INFO [2024-08-21 14:15:08] 
INFO [2024-08-21 14:15:08] $resolution
INFO [2024-08-21 14:15:08] [1] 300
INFO [2024-08-21 14:15:08] 
INFO [2024-08-21 14:15:08] $cex
INFO [2024-08-21 14:15:08] [1] 1.5
INFO [2024-08-21 14:15:08] 
INFO [2024-08-21 14:15:08] $fill
INFO [2024-08-21 14:15:08] c("skyblue", "pink")
INFO [2024-08-21 14:15:08] 
INFO [2024-08-21 14:15:08] $alpha
INFO [2024-08-21 14:15:08] [1] 0.5
INFO [2024-08-21 14:15:08] 
INFO [2024-08-21 14:15:08] $filename
INFO [2024-08-21 14:15:08] output_filename
INFO [2024-08-21 14:15:08] 
INFO [2024-08-21 14:15:08] $output
INFO [2024-08-21 14:15:08] [1] TRUE
INFO [2024-08-21 14:15:08] 
INFO [2024-08-21 14:15:08] $log
INFO [2024-08-21 14:15:08] [1] FALSE
INFO [2024-08-21 14:15:08] 
