INFO [2024-08-20 15:00:56] $x
INFO [2024-08-20 15:00:56] symbol_lists
INFO [2024-08-20 15:00:56] 
INFO [2024-08-20 15:00:56] $category.names
INFO [2024-08-20 15:00:56] labels
INFO [2024-08-20 15:00:56] 
INFO [2024-08-20 15:00:56] $main
INFO [2024-08-20 15:00:56] title
INFO [2024-08-20 15:00:56] 
INFO [2024-08-20 15:00:56] $main.cex
INFO [2024-08-20 15:00:56] [1] 2
INFO [2024-08-20 15:00:56] 
INFO [2024-08-20 15:00:56] $main.pos
INFO [2024-08-20 15:00:56] c(0.5, 1.1)
INFO [2024-08-20 15:00:56] 
INFO [2024-08-20 15:00:56] $cat.cex
INFO [2024-08-20 15:00:56] [1] 1.5
INFO [2024-08-20 15:00:56] 
INFO [2024-08-20 15:00:56] $cat.pos
INFO [2024-08-20 15:00:56] c(-20, 20)
INFO [2024-08-20 15:00:56] 
INFO [2024-08-20 15:00:56] $cat.dist
INFO [2024-08-20 15:00:56] c(0.05, 0.05)
INFO [2024-08-20 15:00:56] 
INFO [2024-08-20 15:00:56] $height
INFO [2024-08-20 15:00:56] [1] 3000
INFO [2024-08-20 15:00:56] 
INFO [2024-08-20 15:00:56] $width
INFO [2024-08-20 15:00:56] [1] 3000
INFO [2024-08-20 15:00:56] 
INFO [2024-08-20 15:00:56] $resolution
INFO [2024-08-20 15:00:56] [1] 300
INFO [2024-08-20 15:00:56] 
INFO [2024-08-20 15:00:56] $cex
INFO [2024-08-20 15:00:56] [1] 1.5
INFO [2024-08-20 15:00:56] 
INFO [2024-08-20 15:00:56] $fill
INFO [2024-08-20 15:00:56] c("skyblue", "pink")
INFO [2024-08-20 15:00:56] 
INFO [2024-08-20 15:00:56] $alpha
INFO [2024-08-20 15:00:56] [1] 0.5
INFO [2024-08-20 15:00:56] 
INFO [2024-08-20 15:00:56] $filename
INFO [2024-08-20 15:00:56] output_filename
INFO [2024-08-20 15:00:56] 
INFO [2024-08-20 15:00:56] $output
INFO [2024-08-20 15:00:56] [1] TRUE
INFO [2024-08-20 15:00:56] 
INFO [2024-08-20 15:00:56] $log
INFO [2024-08-20 15:00:56] [1] FALSE
INFO [2024-08-20 15:00:56] 
