INFO [2024-08-20 15:01:00] $x
INFO [2024-08-20 15:01:00] symbol_lists
INFO [2024-08-20 15:01:00] 
INFO [2024-08-20 15:01:00] $category.names
INFO [2024-08-20 15:01:00] labels
INFO [2024-08-20 15:01:00] 
INFO [2024-08-20 15:01:00] $main
INFO [2024-08-20 15:01:00] title
INFO [2024-08-20 15:01:00] 
INFO [2024-08-20 15:01:00] $main.cex
INFO [2024-08-20 15:01:00] [1] 2
INFO [2024-08-20 15:01:00] 
INFO [2024-08-20 15:01:00] $main.pos
INFO [2024-08-20 15:01:00] c(0.5, 1.1)
INFO [2024-08-20 15:01:00] 
INFO [2024-08-20 15:01:00] $cat.cex
INFO [2024-08-20 15:01:00] [1] 1.5
INFO [2024-08-20 15:01:00] 
INFO [2024-08-20 15:01:00] $cat.pos
INFO [2024-08-20 15:01:00] c(-20, 20)
INFO [2024-08-20 15:01:00] 
INFO [2024-08-20 15:01:00] $cat.dist
INFO [2024-08-20 15:01:00] c(0.05, 0.05)
INFO [2024-08-20 15:01:00] 
INFO [2024-08-20 15:01:00] $height
INFO [2024-08-20 15:01:00] [1] 3000
INFO [2024-08-20 15:01:00] 
INFO [2024-08-20 15:01:00] $width
INFO [2024-08-20 15:01:00] [1] 3000
INFO [2024-08-20 15:01:00] 
INFO [2024-08-20 15:01:00] $resolution
INFO [2024-08-20 15:01:00] [1] 300
INFO [2024-08-20 15:01:00] 
INFO [2024-08-20 15:01:00] $cex
INFO [2024-08-20 15:01:00] [1] 1.5
INFO [2024-08-20 15:01:00] 
INFO [2024-08-20 15:01:00] $fill
INFO [2024-08-20 15:01:00] c("skyblue", "pink")
INFO [2024-08-20 15:01:00] 
INFO [2024-08-20 15:01:00] $alpha
INFO [2024-08-20 15:01:00] [1] 0.5
INFO [2024-08-20 15:01:00] 
INFO [2024-08-20 15:01:00] $filename
INFO [2024-08-20 15:01:00] output_filename
INFO [2024-08-20 15:01:00] 
INFO [2024-08-20 15:01:00] $output
INFO [2024-08-20 15:01:00] [1] TRUE
INFO [2024-08-20 15:01:00] 
INFO [2024-08-20 15:01:00] $log
INFO [2024-08-20 15:01:00] [1] FALSE
INFO [2024-08-20 15:01:00] 
