INFO [2024-08-20 14:52:38] $x
INFO [2024-08-20 14:52:38] symbol_lists
INFO [2024-08-20 14:52:38] 
INFO [2024-08-20 14:52:38] $category.names
INFO [2024-08-20 14:52:38] labels
INFO [2024-08-20 14:52:38] 
INFO [2024-08-20 14:52:38] $main
INFO [2024-08-20 14:52:38] title
INFO [2024-08-20 14:52:38] 
INFO [2024-08-20 14:52:38] $main.cex
INFO [2024-08-20 14:52:38] [1] 2
INFO [2024-08-20 14:52:38] 
INFO [2024-08-20 14:52:38] $main.pos
INFO [2024-08-20 14:52:38] c(0.5, 1.1)
INFO [2024-08-20 14:52:38] 
INFO [2024-08-20 14:52:38] $cat.cex
INFO [2024-08-20 14:52:38] [1] 1.5
INFO [2024-08-20 14:52:38] 
INFO [2024-08-20 14:52:38] $cat.pos
INFO [2024-08-20 14:52:38] c(-20, 20)
INFO [2024-08-20 14:52:38] 
INFO [2024-08-20 14:52:38] $cat.dist
INFO [2024-08-20 14:52:38] c(0.05, 0.05)
INFO [2024-08-20 14:52:38] 
INFO [2024-08-20 14:52:38] $height
INFO [2024-08-20 14:52:38] [1] 3000
INFO [2024-08-20 14:52:38] 
INFO [2024-08-20 14:52:38] $width
INFO [2024-08-20 14:52:38] [1] 3000
INFO [2024-08-20 14:52:38] 
INFO [2024-08-20 14:52:38] $resolution
INFO [2024-08-20 14:52:38] [1] 300
INFO [2024-08-20 14:52:38] 
INFO [2024-08-20 14:52:38] $cex
INFO [2024-08-20 14:52:38] [1] 1.5
INFO [2024-08-20 14:52:38] 
INFO [2024-08-20 14:52:38] $fill
INFO [2024-08-20 14:52:38] c("skyblue", "pink")
INFO [2024-08-20 14:52:38] 
INFO [2024-08-20 14:52:38] $alpha
INFO [2024-08-20 14:52:38] [1] 0.5
INFO [2024-08-20 14:52:38] 
INFO [2024-08-20 14:52:38] $filename
INFO [2024-08-20 14:52:38] output_filename
INFO [2024-08-20 14:52:38] 
INFO [2024-08-20 14:52:38] $output
INFO [2024-08-20 14:52:38] [1] TRUE
INFO [2024-08-20 14:52:38] 
INFO [2024-08-20 14:52:38] $log
INFO [2024-08-20 14:52:38] [1] FALSE
INFO [2024-08-20 14:52:38] 
