INFO [2024-08-20 14:53:37] $x
INFO [2024-08-20 14:53:37] symbol_lists
INFO [2024-08-20 14:53:37] 
INFO [2024-08-20 14:53:37] $category.names
INFO [2024-08-20 14:53:37] labels
INFO [2024-08-20 14:53:37] 
INFO [2024-08-20 14:53:37] $main
INFO [2024-08-20 14:53:37] title
INFO [2024-08-20 14:53:37] 
INFO [2024-08-20 14:53:37] $main.cex
INFO [2024-08-20 14:53:37] [1] 2
INFO [2024-08-20 14:53:37] 
INFO [2024-08-20 14:53:37] $main.pos
INFO [2024-08-20 14:53:37] c(0.5, 1.1)
INFO [2024-08-20 14:53:37] 
INFO [2024-08-20 14:53:37] $cat.cex
INFO [2024-08-20 14:53:37] [1] 1.5
INFO [2024-08-20 14:53:37] 
INFO [2024-08-20 14:53:37] $cat.pos
INFO [2024-08-20 14:53:37] c(-20, 20)
INFO [2024-08-20 14:53:37] 
INFO [2024-08-20 14:53:37] $cat.dist
INFO [2024-08-20 14:53:37] c(0.05, 0.05)
INFO [2024-08-20 14:53:37] 
INFO [2024-08-20 14:53:37] $height
INFO [2024-08-20 14:53:37] [1] 3000
INFO [2024-08-20 14:53:37] 
INFO [2024-08-20 14:53:37] $width
INFO [2024-08-20 14:53:37] [1] 3000
INFO [2024-08-20 14:53:37] 
INFO [2024-08-20 14:53:37] $resolution
INFO [2024-08-20 14:53:37] [1] 300
INFO [2024-08-20 14:53:37] 
INFO [2024-08-20 14:53:37] $cex
INFO [2024-08-20 14:53:37] [1] 1.5
INFO [2024-08-20 14:53:37] 
INFO [2024-08-20 14:53:37] $fill
INFO [2024-08-20 14:53:37] c("skyblue", "pink")
INFO [2024-08-20 14:53:37] 
INFO [2024-08-20 14:53:37] $alpha
INFO [2024-08-20 14:53:37] [1] 0.5
INFO [2024-08-20 14:53:37] 
INFO [2024-08-20 14:53:37] $filename
INFO [2024-08-20 14:53:37] output_filename
INFO [2024-08-20 14:53:37] 
INFO [2024-08-20 14:53:37] $output
INFO [2024-08-20 14:53:37] [1] TRUE
INFO [2024-08-20 14:53:37] 
INFO [2024-08-20 14:53:37] $log
INFO [2024-08-20 14:53:37] [1] FALSE
INFO [2024-08-20 14:53:37] 
