INFO [2024-08-20 14:53:32] $x
INFO [2024-08-20 14:53:32] symbol_lists
INFO [2024-08-20 14:53:32] 
INFO [2024-08-20 14:53:32] $category.names
INFO [2024-08-20 14:53:32] labels
INFO [2024-08-20 14:53:32] 
INFO [2024-08-20 14:53:32] $main
INFO [2024-08-20 14:53:32] title
INFO [2024-08-20 14:53:32] 
INFO [2024-08-20 14:53:32] $main.cex
INFO [2024-08-20 14:53:32] [1] 2
INFO [2024-08-20 14:53:32] 
INFO [2024-08-20 14:53:32] $main.pos
INFO [2024-08-20 14:53:32] c(0.5, 1.1)
INFO [2024-08-20 14:53:32] 
INFO [2024-08-20 14:53:32] $cat.cex
INFO [2024-08-20 14:53:32] [1] 1.5
INFO [2024-08-20 14:53:32] 
INFO [2024-08-20 14:53:32] $cat.pos
INFO [2024-08-20 14:53:32] c(-20, 20)
INFO [2024-08-20 14:53:32] 
INFO [2024-08-20 14:53:32] $cat.dist
INFO [2024-08-20 14:53:32] c(0.05, 0.05)
INFO [2024-08-20 14:53:32] 
INFO [2024-08-20 14:53:32] $height
INFO [2024-08-20 14:53:32] [1] 3000
INFO [2024-08-20 14:53:32] 
INFO [2024-08-20 14:53:32] $width
INFO [2024-08-20 14:53:32] [1] 3000
INFO [2024-08-20 14:53:32] 
INFO [2024-08-20 14:53:32] $resolution
INFO [2024-08-20 14:53:32] [1] 300
INFO [2024-08-20 14:53:32] 
INFO [2024-08-20 14:53:32] $cex
INFO [2024-08-20 14:53:32] [1] 1.5
INFO [2024-08-20 14:53:32] 
INFO [2024-08-20 14:53:32] $fill
INFO [2024-08-20 14:53:32] c("skyblue", "pink")
INFO [2024-08-20 14:53:32] 
INFO [2024-08-20 14:53:32] $alpha
INFO [2024-08-20 14:53:32] [1] 0.5
INFO [2024-08-20 14:53:32] 
INFO [2024-08-20 14:53:32] $filename
INFO [2024-08-20 14:53:32] output_filename
INFO [2024-08-20 14:53:32] 
INFO [2024-08-20 14:53:32] $output
INFO [2024-08-20 14:53:32] [1] TRUE
INFO [2024-08-20 14:53:32] 
INFO [2024-08-20 14:53:32] $log
INFO [2024-08-20 14:53:32] [1] FALSE
INFO [2024-08-20 14:53:32] 
