INFO [2024-08-21 14:15:18] $x
INFO [2024-08-21 14:15:18] symbol_lists
INFO [2024-08-21 14:15:18] 
INFO [2024-08-21 14:15:18] $category.names
INFO [2024-08-21 14:15:18] labels
INFO [2024-08-21 14:15:18] 
INFO [2024-08-21 14:15:18] $main
INFO [2024-08-21 14:15:18] title
INFO [2024-08-21 14:15:18] 
INFO [2024-08-21 14:15:18] $main.cex
INFO [2024-08-21 14:15:18] [1] 2
INFO [2024-08-21 14:15:18] 
INFO [2024-08-21 14:15:18] $main.pos
INFO [2024-08-21 14:15:18] c(0.5, 1.1)
INFO [2024-08-21 14:15:18] 
INFO [2024-08-21 14:15:18] $cat.cex
INFO [2024-08-21 14:15:18] [1] 1.5
INFO [2024-08-21 14:15:18] 
INFO [2024-08-21 14:15:18] $cat.pos
INFO [2024-08-21 14:15:18] c(-20, 20)
INFO [2024-08-21 14:15:18] 
INFO [2024-08-21 14:15:18] $cat.dist
INFO [2024-08-21 14:15:18] c(0.05, 0.05)
INFO [2024-08-21 14:15:18] 
INFO [2024-08-21 14:15:18] $height
INFO [2024-08-21 14:15:18] [1] 3000
INFO [2024-08-21 14:15:18] 
INFO [2024-08-21 14:15:18] $width
INFO [2024-08-21 14:15:18] [1] 3000
INFO [2024-08-21 14:15:18] 
INFO [2024-08-21 14:15:18] $resolution
INFO [2024-08-21 14:15:18] [1] 300
INFO [2024-08-21 14:15:18] 
INFO [2024-08-21 14:15:18] $cex
INFO [2024-08-21 14:15:18] [1] 1.5
INFO [2024-08-21 14:15:18] 
INFO [2024-08-21 14:15:18] $fill
INFO [2024-08-21 14:15:18] c("skyblue", "pink")
INFO [2024-08-21 14:15:18] 
INFO [2024-08-21 14:15:18] $alpha
INFO [2024-08-21 14:15:18] [1] 0.5
INFO [2024-08-21 14:15:18] 
INFO [2024-08-21 14:15:18] $filename
INFO [2024-08-21 14:15:18] output_filename
INFO [2024-08-21 14:15:18] 
INFO [2024-08-21 14:15:18] $output
INFO [2024-08-21 14:15:18] [1] TRUE
INFO [2024-08-21 14:15:18] 
INFO [2024-08-21 14:15:18] $log
INFO [2024-08-21 14:15:18] [1] FALSE
INFO [2024-08-21 14:15:18] 
