INFO [2024-08-21 14:15:22] $x
INFO [2024-08-21 14:15:22] symbol_lists
INFO [2024-08-21 14:15:22] 
INFO [2024-08-21 14:15:22] $category.names
INFO [2024-08-21 14:15:22] labels
INFO [2024-08-21 14:15:22] 
INFO [2024-08-21 14:15:22] $main
INFO [2024-08-21 14:15:22] title
INFO [2024-08-21 14:15:22] 
INFO [2024-08-21 14:15:22] $main.cex
INFO [2024-08-21 14:15:22] [1] 2
INFO [2024-08-21 14:15:22] 
INFO [2024-08-21 14:15:22] $main.pos
INFO [2024-08-21 14:15:22] c(0.5, 1.1)
INFO [2024-08-21 14:15:22] 
INFO [2024-08-21 14:15:22] $cat.cex
INFO [2024-08-21 14:15:22] [1] 1.5
INFO [2024-08-21 14:15:22] 
INFO [2024-08-21 14:15:22] $cat.pos
INFO [2024-08-21 14:15:22] c(-20, 20)
INFO [2024-08-21 14:15:22] 
INFO [2024-08-21 14:15:22] $cat.dist
INFO [2024-08-21 14:15:22] c(0.05, 0.05)
INFO [2024-08-21 14:15:22] 
INFO [2024-08-21 14:15:22] $height
INFO [2024-08-21 14:15:22] [1] 3000
INFO [2024-08-21 14:15:22] 
INFO [2024-08-21 14:15:22] $width
INFO [2024-08-21 14:15:22] [1] 3000
INFO [2024-08-21 14:15:22] 
INFO [2024-08-21 14:15:22] $resolution
INFO [2024-08-21 14:15:22] [1] 300
INFO [2024-08-21 14:15:22] 
INFO [2024-08-21 14:15:22] $cex
INFO [2024-08-21 14:15:22] [1] 1.5
INFO [2024-08-21 14:15:22] 
INFO [2024-08-21 14:15:22] $fill
INFO [2024-08-21 14:15:22] c("skyblue", "pink")
INFO [2024-08-21 14:15:22] 
INFO [2024-08-21 14:15:22] $alpha
INFO [2024-08-21 14:15:22] [1] 0.5
INFO [2024-08-21 14:15:22] 
INFO [2024-08-21 14:15:22] $filename
INFO [2024-08-21 14:15:22] output_filename
INFO [2024-08-21 14:15:22] 
INFO [2024-08-21 14:15:22] $output
INFO [2024-08-21 14:15:22] [1] TRUE
INFO [2024-08-21 14:15:22] 
INFO [2024-08-21 14:15:22] $log
INFO [2024-08-21 14:15:22] [1] FALSE
INFO [2024-08-21 14:15:22] 
