INFO [2024-08-21 14:15:09] $x
INFO [2024-08-21 14:15:09] symbol_lists
INFO [2024-08-21 14:15:09] 
INFO [2024-08-21 14:15:09] $category.names
INFO [2024-08-21 14:15:09] labels
INFO [2024-08-21 14:15:09] 
INFO [2024-08-21 14:15:09] $main
INFO [2024-08-21 14:15:09] title
INFO [2024-08-21 14:15:09] 
INFO [2024-08-21 14:15:09] $main.cex
INFO [2024-08-21 14:15:09] [1] 2
INFO [2024-08-21 14:15:09] 
INFO [2024-08-21 14:15:09] $main.pos
INFO [2024-08-21 14:15:09] c(0.5, 1.1)
INFO [2024-08-21 14:15:09] 
INFO [2024-08-21 14:15:09] $cat.cex
INFO [2024-08-21 14:15:09] [1] 1.5
INFO [2024-08-21 14:15:09] 
INFO [2024-08-21 14:15:09] $cat.pos
INFO [2024-08-21 14:15:09] c(-20, 20)
INFO [2024-08-21 14:15:09] 
INFO [2024-08-21 14:15:09] $cat.dist
INFO [2024-08-21 14:15:09] c(0.05, 0.05)
INFO [2024-08-21 14:15:09] 
INFO [2024-08-21 14:15:09] $height
INFO [2024-08-21 14:15:09] [1] 3000
INFO [2024-08-21 14:15:09] 
INFO [2024-08-21 14:15:09] $width
INFO [2024-08-21 14:15:09] [1] 3000
INFO [2024-08-21 14:15:09] 
INFO [2024-08-21 14:15:09] $resolution
INFO [2024-08-21 14:15:09] [1] 300
INFO [2024-08-21 14:15:09] 
INFO [2024-08-21 14:15:09] $cex
INFO [2024-08-21 14:15:09] [1] 1.5
INFO [2024-08-21 14:15:09] 
INFO [2024-08-21 14:15:09] $fill
INFO [2024-08-21 14:15:09] c("skyblue", "pink")
INFO [2024-08-21 14:15:09] 
INFO [2024-08-21 14:15:09] $alpha
INFO [2024-08-21 14:15:09] [1] 0.5
INFO [2024-08-21 14:15:09] 
INFO [2024-08-21 14:15:09] $filename
INFO [2024-08-21 14:15:09] output_filename
INFO [2024-08-21 14:15:09] 
INFO [2024-08-21 14:15:09] $output
INFO [2024-08-21 14:15:09] [1] TRUE
INFO [2024-08-21 14:15:09] 
INFO [2024-08-21 14:15:09] $log
INFO [2024-08-21 14:15:09] [1] FALSE
INFO [2024-08-21 14:15:09] 
