INFO [2024-08-20 14:53:36] $x
INFO [2024-08-20 14:53:36] symbol_lists
INFO [2024-08-20 14:53:36] 
INFO [2024-08-20 14:53:36] $category.names
INFO [2024-08-20 14:53:36] labels
INFO [2024-08-20 14:53:36] 
INFO [2024-08-20 14:53:36] $main
INFO [2024-08-20 14:53:36] title
INFO [2024-08-20 14:53:36] 
INFO [2024-08-20 14:53:36] $main.cex
INFO [2024-08-20 14:53:36] [1] 2
INFO [2024-08-20 14:53:36] 
INFO [2024-08-20 14:53:36] $main.pos
INFO [2024-08-20 14:53:36] c(0.5, 1.1)
INFO [2024-08-20 14:53:36] 
INFO [2024-08-20 14:53:36] $cat.cex
INFO [2024-08-20 14:53:36] [1] 1.5
INFO [2024-08-20 14:53:36] 
INFO [2024-08-20 14:53:36] $cat.pos
INFO [2024-08-20 14:53:36] c(-20, 20)
INFO [2024-08-20 14:53:36] 
INFO [2024-08-20 14:53:36] $cat.dist
INFO [2024-08-20 14:53:36] c(0.05, 0.05)
INFO [2024-08-20 14:53:36] 
INFO [2024-08-20 14:53:36] $height
INFO [2024-08-20 14:53:36] [1] 3000
INFO [2024-08-20 14:53:36] 
INFO [2024-08-20 14:53:36] $width
INFO [2024-08-20 14:53:36] [1] 3000
INFO [2024-08-20 14:53:36] 
INFO [2024-08-20 14:53:36] $resolution
INFO [2024-08-20 14:53:36] [1] 300
INFO [2024-08-20 14:53:36] 
INFO [2024-08-20 14:53:36] $cex
INFO [2024-08-20 14:53:36] [1] 1.5
INFO [2024-08-20 14:53:36] 
INFO [2024-08-20 14:53:36] $fill
INFO [2024-08-20 14:53:36] c("skyblue", "pink")
INFO [2024-08-20 14:53:36] 
INFO [2024-08-20 14:53:36] $alpha
INFO [2024-08-20 14:53:36] [1] 0.5
INFO [2024-08-20 14:53:36] 
INFO [2024-08-20 14:53:36] $filename
INFO [2024-08-20 14:53:36] output_filename
INFO [2024-08-20 14:53:36] 
INFO [2024-08-20 14:53:36] $output
INFO [2024-08-20 14:53:36] [1] TRUE
INFO [2024-08-20 14:53:36] 
INFO [2024-08-20 14:53:36] $log
INFO [2024-08-20 14:53:36] [1] FALSE
INFO [2024-08-20 14:53:36] 
