INFO [2024-08-20 14:52:29] $x
INFO [2024-08-20 14:52:29] symbol_lists
INFO [2024-08-20 14:52:29] 
INFO [2024-08-20 14:52:29] $category.names
INFO [2024-08-20 14:52:29] labels
INFO [2024-08-20 14:52:29] 
INFO [2024-08-20 14:52:29] $main
INFO [2024-08-20 14:52:29] title
INFO [2024-08-20 14:52:29] 
INFO [2024-08-20 14:52:29] $main.cex
INFO [2024-08-20 14:52:29] [1] 2
INFO [2024-08-20 14:52:29] 
INFO [2024-08-20 14:52:29] $main.pos
INFO [2024-08-20 14:52:29] c(0.5, 1.1)
INFO [2024-08-20 14:52:29] 
INFO [2024-08-20 14:52:29] $cat.cex
INFO [2024-08-20 14:52:29] [1] 1.5
INFO [2024-08-20 14:52:29] 
INFO [2024-08-20 14:52:29] $cat.pos
INFO [2024-08-20 14:52:29] c(-20, 20)
INFO [2024-08-20 14:52:29] 
INFO [2024-08-20 14:52:29] $cat.dist
INFO [2024-08-20 14:52:29] c(0.05, 0.05)
INFO [2024-08-20 14:52:29] 
INFO [2024-08-20 14:52:29] $height
INFO [2024-08-20 14:52:29] [1] 3000
INFO [2024-08-20 14:52:29] 
INFO [2024-08-20 14:52:29] $width
INFO [2024-08-20 14:52:29] [1] 3000
INFO [2024-08-20 14:52:29] 
INFO [2024-08-20 14:52:29] $resolution
INFO [2024-08-20 14:52:29] [1] 300
INFO [2024-08-20 14:52:29] 
INFO [2024-08-20 14:52:29] $cex
INFO [2024-08-20 14:52:29] [1] 1.5
INFO [2024-08-20 14:52:29] 
INFO [2024-08-20 14:52:29] $fill
INFO [2024-08-20 14:52:29] c("skyblue", "pink")
INFO [2024-08-20 14:52:29] 
INFO [2024-08-20 14:52:29] $alpha
INFO [2024-08-20 14:52:29] [1] 0.5
INFO [2024-08-20 14:52:29] 
INFO [2024-08-20 14:52:29] $filename
INFO [2024-08-20 14:52:29] output_filename
INFO [2024-08-20 14:52:29] 
INFO [2024-08-20 14:52:29] $output
INFO [2024-08-20 14:52:29] [1] TRUE
INFO [2024-08-20 14:52:29] 
INFO [2024-08-20 14:52:29] $log
INFO [2024-08-20 14:52:29] [1] FALSE
INFO [2024-08-20 14:52:29] 
