INFO [2024-08-20 15:01:03] $x
INFO [2024-08-20 15:01:03] symbol_lists
INFO [2024-08-20 15:01:03] 
INFO [2024-08-20 15:01:03] $category.names
INFO [2024-08-20 15:01:03] labels
INFO [2024-08-20 15:01:03] 
INFO [2024-08-20 15:01:03] $main
INFO [2024-08-20 15:01:03] title
INFO [2024-08-20 15:01:03] 
INFO [2024-08-20 15:01:03] $main.cex
INFO [2024-08-20 15:01:03] [1] 2
INFO [2024-08-20 15:01:03] 
INFO [2024-08-20 15:01:03] $main.pos
INFO [2024-08-20 15:01:03] c(0.5, 1.1)
INFO [2024-08-20 15:01:03] 
INFO [2024-08-20 15:01:03] $cat.cex
INFO [2024-08-20 15:01:03] [1] 1.5
INFO [2024-08-20 15:01:03] 
INFO [2024-08-20 15:01:03] $cat.pos
INFO [2024-08-20 15:01:03] c(-20, 20)
INFO [2024-08-20 15:01:03] 
INFO [2024-08-20 15:01:03] $cat.dist
INFO [2024-08-20 15:01:03] c(0.05, 0.05)
INFO [2024-08-20 15:01:03] 
INFO [2024-08-20 15:01:03] $height
INFO [2024-08-20 15:01:03] [1] 3000
INFO [2024-08-20 15:01:03] 
INFO [2024-08-20 15:01:03] $width
INFO [2024-08-20 15:01:03] [1] 3000
INFO [2024-08-20 15:01:03] 
INFO [2024-08-20 15:01:03] $resolution
INFO [2024-08-20 15:01:03] [1] 300
INFO [2024-08-20 15:01:03] 
INFO [2024-08-20 15:01:03] $cex
INFO [2024-08-20 15:01:03] [1] 1.5
INFO [2024-08-20 15:01:03] 
INFO [2024-08-20 15:01:03] $fill
INFO [2024-08-20 15:01:03] c("skyblue", "pink")
INFO [2024-08-20 15:01:03] 
INFO [2024-08-20 15:01:03] $alpha
INFO [2024-08-20 15:01:03] [1] 0.5
INFO [2024-08-20 15:01:03] 
INFO [2024-08-20 15:01:03] $filename
INFO [2024-08-20 15:01:03] output_filename
INFO [2024-08-20 15:01:03] 
INFO [2024-08-20 15:01:03] $output
INFO [2024-08-20 15:01:03] [1] TRUE
INFO [2024-08-20 15:01:03] 
INFO [2024-08-20 15:01:03] $log
INFO [2024-08-20 15:01:03] [1] FALSE
INFO [2024-08-20 15:01:03] 
