INFO [2024-08-20 14:53:24] $x
INFO [2024-08-20 14:53:24] symbol_lists
INFO [2024-08-20 14:53:24] 
INFO [2024-08-20 14:53:24] $category.names
INFO [2024-08-20 14:53:24] labels
INFO [2024-08-20 14:53:24] 
INFO [2024-08-20 14:53:24] $main
INFO [2024-08-20 14:53:24] title
INFO [2024-08-20 14:53:24] 
INFO [2024-08-20 14:53:24] $main.cex
INFO [2024-08-20 14:53:24] [1] 2
INFO [2024-08-20 14:53:24] 
INFO [2024-08-20 14:53:24] $main.pos
INFO [2024-08-20 14:53:24] c(0.5, 1.1)
INFO [2024-08-20 14:53:24] 
INFO [2024-08-20 14:53:24] $cat.cex
INFO [2024-08-20 14:53:24] [1] 1.5
INFO [2024-08-20 14:53:24] 
INFO [2024-08-20 14:53:24] $cat.pos
INFO [2024-08-20 14:53:24] c(-20, 20)
INFO [2024-08-20 14:53:24] 
INFO [2024-08-20 14:53:24] $cat.dist
INFO [2024-08-20 14:53:24] c(0.05, 0.05)
INFO [2024-08-20 14:53:24] 
INFO [2024-08-20 14:53:24] $height
INFO [2024-08-20 14:53:24] [1] 3000
INFO [2024-08-20 14:53:24] 
INFO [2024-08-20 14:53:24] $width
INFO [2024-08-20 14:53:24] [1] 3000
INFO [2024-08-20 14:53:24] 
INFO [2024-08-20 14:53:24] $resolution
INFO [2024-08-20 14:53:24] [1] 300
INFO [2024-08-20 14:53:24] 
INFO [2024-08-20 14:53:24] $cex
INFO [2024-08-20 14:53:24] [1] 1.5
INFO [2024-08-20 14:53:24] 
INFO [2024-08-20 14:53:24] $fill
INFO [2024-08-20 14:53:24] c("skyblue", "pink")
INFO [2024-08-20 14:53:24] 
INFO [2024-08-20 14:53:24] $alpha
INFO [2024-08-20 14:53:24] [1] 0.5
INFO [2024-08-20 14:53:24] 
INFO [2024-08-20 14:53:24] $filename
INFO [2024-08-20 14:53:24] output_filename
INFO [2024-08-20 14:53:24] 
INFO [2024-08-20 14:53:24] $output
INFO [2024-08-20 14:53:24] [1] TRUE
INFO [2024-08-20 14:53:24] 
INFO [2024-08-20 14:53:24] $log
INFO [2024-08-20 14:53:24] [1] FALSE
INFO [2024-08-20 14:53:24] 
