INFO [2024-08-21 14:15:16] $x
INFO [2024-08-21 14:15:16] symbol_lists
INFO [2024-08-21 14:15:16] 
INFO [2024-08-21 14:15:16] $category.names
INFO [2024-08-21 14:15:16] labels
INFO [2024-08-21 14:15:16] 
INFO [2024-08-21 14:15:16] $main
INFO [2024-08-21 14:15:16] title
INFO [2024-08-21 14:15:16] 
INFO [2024-08-21 14:15:16] $main.cex
INFO [2024-08-21 14:15:16] [1] 2
INFO [2024-08-21 14:15:16] 
INFO [2024-08-21 14:15:16] $main.pos
INFO [2024-08-21 14:15:16] c(0.5, 1.1)
INFO [2024-08-21 14:15:16] 
INFO [2024-08-21 14:15:16] $cat.cex
INFO [2024-08-21 14:15:16] [1] 1.5
INFO [2024-08-21 14:15:16] 
INFO [2024-08-21 14:15:16] $cat.pos
INFO [2024-08-21 14:15:16] c(-20, 20)
INFO [2024-08-21 14:15:16] 
INFO [2024-08-21 14:15:16] $cat.dist
INFO [2024-08-21 14:15:16] c(0.05, 0.05)
INFO [2024-08-21 14:15:16] 
INFO [2024-08-21 14:15:16] $height
INFO [2024-08-21 14:15:16] [1] 3000
INFO [2024-08-21 14:15:16] 
INFO [2024-08-21 14:15:16] $width
INFO [2024-08-21 14:15:16] [1] 3000
INFO [2024-08-21 14:15:16] 
INFO [2024-08-21 14:15:16] $resolution
INFO [2024-08-21 14:15:16] [1] 300
INFO [2024-08-21 14:15:16] 
INFO [2024-08-21 14:15:16] $cex
INFO [2024-08-21 14:15:16] [1] 1.5
INFO [2024-08-21 14:15:16] 
INFO [2024-08-21 14:15:16] $fill
INFO [2024-08-21 14:15:16] c("skyblue", "pink")
INFO [2024-08-21 14:15:16] 
INFO [2024-08-21 14:15:16] $alpha
INFO [2024-08-21 14:15:16] [1] 0.5
INFO [2024-08-21 14:15:16] 
INFO [2024-08-21 14:15:16] $filename
INFO [2024-08-21 14:15:16] output_filename
INFO [2024-08-21 14:15:16] 
INFO [2024-08-21 14:15:16] $output
INFO [2024-08-21 14:15:16] [1] TRUE
INFO [2024-08-21 14:15:16] 
INFO [2024-08-21 14:15:16] $log
INFO [2024-08-21 14:15:16] [1] FALSE
INFO [2024-08-21 14:15:16] 
