INFO [2024-08-20 14:53:20] $x
INFO [2024-08-20 14:53:20] symbol_lists
INFO [2024-08-20 14:53:20] 
INFO [2024-08-20 14:53:20] $category.names
INFO [2024-08-20 14:53:20] labels
INFO [2024-08-20 14:53:20] 
INFO [2024-08-20 14:53:20] $main
INFO [2024-08-20 14:53:20] title
INFO [2024-08-20 14:53:20] 
INFO [2024-08-20 14:53:20] $main.cex
INFO [2024-08-20 14:53:20] [1] 2
INFO [2024-08-20 14:53:20] 
INFO [2024-08-20 14:53:20] $main.pos
INFO [2024-08-20 14:53:20] c(0.5, 1.1)
INFO [2024-08-20 14:53:20] 
INFO [2024-08-20 14:53:20] $cat.cex
INFO [2024-08-20 14:53:20] [1] 1.5
INFO [2024-08-20 14:53:20] 
INFO [2024-08-20 14:53:20] $cat.pos
INFO [2024-08-20 14:53:20] c(-20, 20)
INFO [2024-08-20 14:53:20] 
INFO [2024-08-20 14:53:20] $cat.dist
INFO [2024-08-20 14:53:20] c(0.05, 0.05)
INFO [2024-08-20 14:53:20] 
INFO [2024-08-20 14:53:20] $height
INFO [2024-08-20 14:53:20] [1] 3000
INFO [2024-08-20 14:53:20] 
INFO [2024-08-20 14:53:20] $width
INFO [2024-08-20 14:53:20] [1] 3000
INFO [2024-08-20 14:53:20] 
INFO [2024-08-20 14:53:20] $resolution
INFO [2024-08-20 14:53:20] [1] 300
INFO [2024-08-20 14:53:20] 
INFO [2024-08-20 14:53:20] $cex
INFO [2024-08-20 14:53:20] [1] 1.5
INFO [2024-08-20 14:53:20] 
INFO [2024-08-20 14:53:20] $fill
INFO [2024-08-20 14:53:20] c("skyblue", "pink")
INFO [2024-08-20 14:53:20] 
INFO [2024-08-20 14:53:20] $alpha
INFO [2024-08-20 14:53:20] [1] 0.5
INFO [2024-08-20 14:53:20] 
INFO [2024-08-20 14:53:20] $filename
INFO [2024-08-20 14:53:20] output_filename
INFO [2024-08-20 14:53:20] 
INFO [2024-08-20 14:53:20] $output
INFO [2024-08-20 14:53:20] [1] TRUE
INFO [2024-08-20 14:53:20] 
INFO [2024-08-20 14:53:20] $log
INFO [2024-08-20 14:53:20] [1] FALSE
INFO [2024-08-20 14:53:20] 
