INFO [2024-08-20 15:00:58] $x
INFO [2024-08-20 15:00:58] symbol_lists
INFO [2024-08-20 15:00:58] 
INFO [2024-08-20 15:00:58] $category.names
INFO [2024-08-20 15:00:58] labels
INFO [2024-08-20 15:00:58] 
INFO [2024-08-20 15:00:58] $main
INFO [2024-08-20 15:00:58] title
INFO [2024-08-20 15:00:58] 
INFO [2024-08-20 15:00:58] $main.cex
INFO [2024-08-20 15:00:58] [1] 2
INFO [2024-08-20 15:00:58] 
INFO [2024-08-20 15:00:58] $main.pos
INFO [2024-08-20 15:00:58] c(0.5, 1.1)
INFO [2024-08-20 15:00:58] 
INFO [2024-08-20 15:00:58] $cat.cex
INFO [2024-08-20 15:00:58] [1] 1.5
INFO [2024-08-20 15:00:58] 
INFO [2024-08-20 15:00:58] $cat.pos
INFO [2024-08-20 15:00:58] c(-20, 20)
INFO [2024-08-20 15:00:58] 
INFO [2024-08-20 15:00:58] $cat.dist
INFO [2024-08-20 15:00:58] c(0.05, 0.05)
INFO [2024-08-20 15:00:58] 
INFO [2024-08-20 15:00:58] $height
INFO [2024-08-20 15:00:58] [1] 3000
INFO [2024-08-20 15:00:58] 
INFO [2024-08-20 15:00:58] $width
INFO [2024-08-20 15:00:58] [1] 3000
INFO [2024-08-20 15:00:58] 
INFO [2024-08-20 15:00:58] $resolution
INFO [2024-08-20 15:00:58] [1] 300
INFO [2024-08-20 15:00:58] 
INFO [2024-08-20 15:00:58] $cex
INFO [2024-08-20 15:00:58] [1] 1.5
INFO [2024-08-20 15:00:58] 
INFO [2024-08-20 15:00:58] $fill
INFO [2024-08-20 15:00:58] c("skyblue", "pink")
INFO [2024-08-20 15:00:58] 
INFO [2024-08-20 15:00:58] $alpha
INFO [2024-08-20 15:00:58] [1] 0.5
INFO [2024-08-20 15:00:58] 
INFO [2024-08-20 15:00:58] $filename
INFO [2024-08-20 15:00:58] output_filename
INFO [2024-08-20 15:00:58] 
INFO [2024-08-20 15:00:58] $output
INFO [2024-08-20 15:00:58] [1] TRUE
INFO [2024-08-20 15:00:58] 
INFO [2024-08-20 15:00:58] $log
INFO [2024-08-20 15:00:58] [1] FALSE
INFO [2024-08-20 15:00:58] 
