INFO [2024-08-21 14:15:19] $x
INFO [2024-08-21 14:15:19] symbol_lists
INFO [2024-08-21 14:15:19] 
INFO [2024-08-21 14:15:19] $category.names
INFO [2024-08-21 14:15:19] labels
INFO [2024-08-21 14:15:19] 
INFO [2024-08-21 14:15:19] $main
INFO [2024-08-21 14:15:19] title
INFO [2024-08-21 14:15:19] 
INFO [2024-08-21 14:15:19] $main.cex
INFO [2024-08-21 14:15:19] [1] 2
INFO [2024-08-21 14:15:19] 
INFO [2024-08-21 14:15:19] $main.pos
INFO [2024-08-21 14:15:19] c(0.5, 1.1)
INFO [2024-08-21 14:15:19] 
INFO [2024-08-21 14:15:19] $cat.cex
INFO [2024-08-21 14:15:19] [1] 1.5
INFO [2024-08-21 14:15:19] 
INFO [2024-08-21 14:15:19] $cat.pos
INFO [2024-08-21 14:15:19] c(-20, 20)
INFO [2024-08-21 14:15:19] 
INFO [2024-08-21 14:15:19] $cat.dist
INFO [2024-08-21 14:15:19] c(0.05, 0.05)
INFO [2024-08-21 14:15:19] 
INFO [2024-08-21 14:15:19] $height
INFO [2024-08-21 14:15:19] [1] 3000
INFO [2024-08-21 14:15:19] 
INFO [2024-08-21 14:15:19] $width
INFO [2024-08-21 14:15:19] [1] 3000
INFO [2024-08-21 14:15:19] 
INFO [2024-08-21 14:15:19] $resolution
INFO [2024-08-21 14:15:19] [1] 300
INFO [2024-08-21 14:15:19] 
INFO [2024-08-21 14:15:19] $cex
INFO [2024-08-21 14:15:19] [1] 1.5
INFO [2024-08-21 14:15:19] 
INFO [2024-08-21 14:15:19] $fill
INFO [2024-08-21 14:15:19] c("skyblue", "pink")
INFO [2024-08-21 14:15:19] 
INFO [2024-08-21 14:15:19] $alpha
INFO [2024-08-21 14:15:19] [1] 0.5
INFO [2024-08-21 14:15:19] 
INFO [2024-08-21 14:15:19] $filename
INFO [2024-08-21 14:15:19] output_filename
INFO [2024-08-21 14:15:19] 
INFO [2024-08-21 14:15:19] $output
INFO [2024-08-21 14:15:19] [1] TRUE
INFO [2024-08-21 14:15:19] 
INFO [2024-08-21 14:15:19] $log
INFO [2024-08-21 14:15:19] [1] FALSE
INFO [2024-08-21 14:15:19] 
