INFO [2024-08-20 14:53:34] $x
INFO [2024-08-20 14:53:34] symbol_lists
INFO [2024-08-20 14:53:34] 
INFO [2024-08-20 14:53:34] $category.names
INFO [2024-08-20 14:53:34] labels
INFO [2024-08-20 14:53:34] 
INFO [2024-08-20 14:53:34] $main
INFO [2024-08-20 14:53:34] title
INFO [2024-08-20 14:53:34] 
INFO [2024-08-20 14:53:34] $main.cex
INFO [2024-08-20 14:53:34] [1] 2
INFO [2024-08-20 14:53:34] 
INFO [2024-08-20 14:53:34] $main.pos
INFO [2024-08-20 14:53:34] c(0.5, 1.1)
INFO [2024-08-20 14:53:34] 
INFO [2024-08-20 14:53:34] $cat.cex
INFO [2024-08-20 14:53:34] [1] 1.5
INFO [2024-08-20 14:53:34] 
INFO [2024-08-20 14:53:34] $cat.pos
INFO [2024-08-20 14:53:34] c(-20, 20)
INFO [2024-08-20 14:53:34] 
INFO [2024-08-20 14:53:34] $cat.dist
INFO [2024-08-20 14:53:34] c(0.05, 0.05)
INFO [2024-08-20 14:53:34] 
INFO [2024-08-20 14:53:34] $height
INFO [2024-08-20 14:53:34] [1] 3000
INFO [2024-08-20 14:53:34] 
INFO [2024-08-20 14:53:34] $width
INFO [2024-08-20 14:53:34] [1] 3000
INFO [2024-08-20 14:53:34] 
INFO [2024-08-20 14:53:34] $resolution
INFO [2024-08-20 14:53:34] [1] 300
INFO [2024-08-20 14:53:34] 
INFO [2024-08-20 14:53:34] $cex
INFO [2024-08-20 14:53:34] [1] 1.5
INFO [2024-08-20 14:53:34] 
INFO [2024-08-20 14:53:34] $fill
INFO [2024-08-20 14:53:34] c("skyblue", "pink")
INFO [2024-08-20 14:53:34] 
INFO [2024-08-20 14:53:34] $alpha
INFO [2024-08-20 14:53:34] [1] 0.5
INFO [2024-08-20 14:53:34] 
INFO [2024-08-20 14:53:34] $filename
INFO [2024-08-20 14:53:34] output_filename
INFO [2024-08-20 14:53:34] 
INFO [2024-08-20 14:53:34] $output
INFO [2024-08-20 14:53:34] [1] TRUE
INFO [2024-08-20 14:53:34] 
INFO [2024-08-20 14:53:34] $log
INFO [2024-08-20 14:53:34] [1] FALSE
INFO [2024-08-20 14:53:34] 
