INFO [2024-08-21 14:15:23] $x
INFO [2024-08-21 14:15:23] symbol_lists
INFO [2024-08-21 14:15:23] 
INFO [2024-08-21 14:15:23] $category.names
INFO [2024-08-21 14:15:23] labels
INFO [2024-08-21 14:15:23] 
INFO [2024-08-21 14:15:23] $main
INFO [2024-08-21 14:15:23] title
INFO [2024-08-21 14:15:23] 
INFO [2024-08-21 14:15:23] $main.cex
INFO [2024-08-21 14:15:23] [1] 2
INFO [2024-08-21 14:15:23] 
INFO [2024-08-21 14:15:23] $main.pos
INFO [2024-08-21 14:15:23] c(0.5, 1.1)
INFO [2024-08-21 14:15:23] 
INFO [2024-08-21 14:15:23] $cat.cex
INFO [2024-08-21 14:15:23] [1] 1.5
INFO [2024-08-21 14:15:23] 
INFO [2024-08-21 14:15:23] $cat.pos
INFO [2024-08-21 14:15:23] c(-20, 20)
INFO [2024-08-21 14:15:23] 
INFO [2024-08-21 14:15:23] $cat.dist
INFO [2024-08-21 14:15:23] c(0.05, 0.05)
INFO [2024-08-21 14:15:23] 
INFO [2024-08-21 14:15:23] $height
INFO [2024-08-21 14:15:23] [1] 3000
INFO [2024-08-21 14:15:23] 
INFO [2024-08-21 14:15:23] $width
INFO [2024-08-21 14:15:23] [1] 3000
INFO [2024-08-21 14:15:23] 
INFO [2024-08-21 14:15:23] $resolution
INFO [2024-08-21 14:15:23] [1] 300
INFO [2024-08-21 14:15:23] 
INFO [2024-08-21 14:15:23] $cex
INFO [2024-08-21 14:15:23] [1] 1.5
INFO [2024-08-21 14:15:23] 
INFO [2024-08-21 14:15:23] $fill
INFO [2024-08-21 14:15:23] c("skyblue", "pink")
INFO [2024-08-21 14:15:23] 
INFO [2024-08-21 14:15:23] $alpha
INFO [2024-08-21 14:15:23] [1] 0.5
INFO [2024-08-21 14:15:23] 
INFO [2024-08-21 14:15:23] $filename
INFO [2024-08-21 14:15:23] output_filename
INFO [2024-08-21 14:15:23] 
INFO [2024-08-21 14:15:23] $output
INFO [2024-08-21 14:15:23] [1] TRUE
INFO [2024-08-21 14:15:23] 
INFO [2024-08-21 14:15:23] $log
INFO [2024-08-21 14:15:23] [1] FALSE
INFO [2024-08-21 14:15:23] 
