INFO [2024-08-20 14:53:39] $x
INFO [2024-08-20 14:53:39] symbol_lists
INFO [2024-08-20 14:53:39] 
INFO [2024-08-20 14:53:39] $category.names
INFO [2024-08-20 14:53:39] labels
INFO [2024-08-20 14:53:39] 
INFO [2024-08-20 14:53:39] $main
INFO [2024-08-20 14:53:39] title
INFO [2024-08-20 14:53:39] 
INFO [2024-08-20 14:53:39] $main.cex
INFO [2024-08-20 14:53:39] [1] 2
INFO [2024-08-20 14:53:39] 
INFO [2024-08-20 14:53:39] $main.pos
INFO [2024-08-20 14:53:39] c(0.5, 1.1)
INFO [2024-08-20 14:53:39] 
INFO [2024-08-20 14:53:39] $cat.cex
INFO [2024-08-20 14:53:39] [1] 1.5
INFO [2024-08-20 14:53:39] 
INFO [2024-08-20 14:53:39] $cat.pos
INFO [2024-08-20 14:53:39] c(-20, 20)
INFO [2024-08-20 14:53:39] 
INFO [2024-08-20 14:53:39] $cat.dist
INFO [2024-08-20 14:53:39] c(0.05, 0.05)
INFO [2024-08-20 14:53:39] 
INFO [2024-08-20 14:53:39] $height
INFO [2024-08-20 14:53:39] [1] 3000
INFO [2024-08-20 14:53:39] 
INFO [2024-08-20 14:53:39] $width
INFO [2024-08-20 14:53:39] [1] 3000
INFO [2024-08-20 14:53:39] 
INFO [2024-08-20 14:53:39] $resolution
INFO [2024-08-20 14:53:39] [1] 300
INFO [2024-08-20 14:53:39] 
INFO [2024-08-20 14:53:39] $cex
INFO [2024-08-20 14:53:39] [1] 1.5
INFO [2024-08-20 14:53:39] 
INFO [2024-08-20 14:53:39] $fill
INFO [2024-08-20 14:53:39] c("skyblue", "pink")
INFO [2024-08-20 14:53:39] 
INFO [2024-08-20 14:53:39] $alpha
INFO [2024-08-20 14:53:39] [1] 0.5
INFO [2024-08-20 14:53:39] 
INFO [2024-08-20 14:53:39] $filename
INFO [2024-08-20 14:53:39] output_filename
INFO [2024-08-20 14:53:39] 
INFO [2024-08-20 14:53:39] $output
INFO [2024-08-20 14:53:39] [1] TRUE
INFO [2024-08-20 14:53:39] 
INFO [2024-08-20 14:53:39] $log
INFO [2024-08-20 14:53:39] [1] FALSE
INFO [2024-08-20 14:53:39] 
