INFO [2024-08-20 14:53:25] $x
INFO [2024-08-20 14:53:25] symbol_lists
INFO [2024-08-20 14:53:25] 
INFO [2024-08-20 14:53:25] $category.names
INFO [2024-08-20 14:53:25] labels
INFO [2024-08-20 14:53:25] 
INFO [2024-08-20 14:53:25] $main
INFO [2024-08-20 14:53:25] title
INFO [2024-08-20 14:53:25] 
INFO [2024-08-20 14:53:25] $main.cex
INFO [2024-08-20 14:53:25] [1] 2
INFO [2024-08-20 14:53:25] 
INFO [2024-08-20 14:53:25] $main.pos
INFO [2024-08-20 14:53:25] c(0.5, 1.1)
INFO [2024-08-20 14:53:25] 
INFO [2024-08-20 14:53:25] $cat.cex
INFO [2024-08-20 14:53:25] [1] 1.5
INFO [2024-08-20 14:53:25] 
INFO [2024-08-20 14:53:25] $cat.pos
INFO [2024-08-20 14:53:25] c(-20, 20)
INFO [2024-08-20 14:53:25] 
INFO [2024-08-20 14:53:25] $cat.dist
INFO [2024-08-20 14:53:25] c(0.05, 0.05)
INFO [2024-08-20 14:53:25] 
INFO [2024-08-20 14:53:25] $height
INFO [2024-08-20 14:53:25] [1] 3000
INFO [2024-08-20 14:53:25] 
INFO [2024-08-20 14:53:25] $width
INFO [2024-08-20 14:53:25] [1] 3000
INFO [2024-08-20 14:53:25] 
INFO [2024-08-20 14:53:25] $resolution
INFO [2024-08-20 14:53:25] [1] 300
INFO [2024-08-20 14:53:25] 
INFO [2024-08-20 14:53:25] $cex
INFO [2024-08-20 14:53:25] [1] 1.5
INFO [2024-08-20 14:53:25] 
INFO [2024-08-20 14:53:25] $fill
INFO [2024-08-20 14:53:25] c("skyblue", "pink")
INFO [2024-08-20 14:53:25] 
INFO [2024-08-20 14:53:25] $alpha
INFO [2024-08-20 14:53:25] [1] 0.5
INFO [2024-08-20 14:53:25] 
INFO [2024-08-20 14:53:25] $filename
INFO [2024-08-20 14:53:25] output_filename
INFO [2024-08-20 14:53:25] 
INFO [2024-08-20 14:53:25] $output
INFO [2024-08-20 14:53:25] [1] TRUE
INFO [2024-08-20 14:53:25] 
INFO [2024-08-20 14:53:25] $log
INFO [2024-08-20 14:53:25] [1] FALSE
INFO [2024-08-20 14:53:25] 
