INFO [2024-08-20 15:01:04] $x
INFO [2024-08-20 15:01:04] symbol_lists
INFO [2024-08-20 15:01:04] 
INFO [2024-08-20 15:01:04] $category.names
INFO [2024-08-20 15:01:04] labels
INFO [2024-08-20 15:01:04] 
INFO [2024-08-20 15:01:04] $main
INFO [2024-08-20 15:01:04] title
INFO [2024-08-20 15:01:04] 
INFO [2024-08-20 15:01:04] $main.cex
INFO [2024-08-20 15:01:04] [1] 2
INFO [2024-08-20 15:01:04] 
INFO [2024-08-20 15:01:04] $main.pos
INFO [2024-08-20 15:01:04] c(0.5, 1.1)
INFO [2024-08-20 15:01:04] 
INFO [2024-08-20 15:01:04] $cat.cex
INFO [2024-08-20 15:01:04] [1] 1.5
INFO [2024-08-20 15:01:04] 
INFO [2024-08-20 15:01:04] $cat.pos
INFO [2024-08-20 15:01:04] c(-20, 20)
INFO [2024-08-20 15:01:04] 
INFO [2024-08-20 15:01:04] $cat.dist
INFO [2024-08-20 15:01:04] c(0.05, 0.05)
INFO [2024-08-20 15:01:04] 
INFO [2024-08-20 15:01:04] $height
INFO [2024-08-20 15:01:04] [1] 3000
INFO [2024-08-20 15:01:04] 
INFO [2024-08-20 15:01:04] $width
INFO [2024-08-20 15:01:04] [1] 3000
INFO [2024-08-20 15:01:04] 
INFO [2024-08-20 15:01:04] $resolution
INFO [2024-08-20 15:01:04] [1] 300
INFO [2024-08-20 15:01:04] 
INFO [2024-08-20 15:01:04] $cex
INFO [2024-08-20 15:01:04] [1] 1.5
INFO [2024-08-20 15:01:04] 
INFO [2024-08-20 15:01:04] $fill
INFO [2024-08-20 15:01:04] c("skyblue", "pink")
INFO [2024-08-20 15:01:04] 
INFO [2024-08-20 15:01:04] $alpha
INFO [2024-08-20 15:01:04] [1] 0.5
INFO [2024-08-20 15:01:04] 
INFO [2024-08-20 15:01:04] $filename
INFO [2024-08-20 15:01:04] output_filename
INFO [2024-08-20 15:01:04] 
INFO [2024-08-20 15:01:04] $output
INFO [2024-08-20 15:01:04] [1] TRUE
INFO [2024-08-20 15:01:04] 
INFO [2024-08-20 15:01:04] $log
INFO [2024-08-20 15:01:04] [1] FALSE
INFO [2024-08-20 15:01:04] 
