INFO [2024-08-20 14:53:27] $x
INFO [2024-08-20 14:53:27] symbol_lists
INFO [2024-08-20 14:53:27] 
INFO [2024-08-20 14:53:27] $category.names
INFO [2024-08-20 14:53:27] labels
INFO [2024-08-20 14:53:27] 
INFO [2024-08-20 14:53:27] $main
INFO [2024-08-20 14:53:27] title
INFO [2024-08-20 14:53:27] 
INFO [2024-08-20 14:53:27] $main.cex
INFO [2024-08-20 14:53:27] [1] 2
INFO [2024-08-20 14:53:27] 
INFO [2024-08-20 14:53:27] $main.pos
INFO [2024-08-20 14:53:27] c(0.5, 1.1)
INFO [2024-08-20 14:53:27] 
INFO [2024-08-20 14:53:27] $cat.cex
INFO [2024-08-20 14:53:27] [1] 1.5
INFO [2024-08-20 14:53:27] 
INFO [2024-08-20 14:53:27] $cat.pos
INFO [2024-08-20 14:53:27] c(-20, 20)
INFO [2024-08-20 14:53:27] 
INFO [2024-08-20 14:53:27] $cat.dist
INFO [2024-08-20 14:53:27] c(0.05, 0.05)
INFO [2024-08-20 14:53:27] 
INFO [2024-08-20 14:53:27] $height
INFO [2024-08-20 14:53:27] [1] 3000
INFO [2024-08-20 14:53:27] 
INFO [2024-08-20 14:53:27] $width
INFO [2024-08-20 14:53:27] [1] 3000
INFO [2024-08-20 14:53:27] 
INFO [2024-08-20 14:53:27] $resolution
INFO [2024-08-20 14:53:27] [1] 300
INFO [2024-08-20 14:53:27] 
INFO [2024-08-20 14:53:27] $cex
INFO [2024-08-20 14:53:27] [1] 1.5
INFO [2024-08-20 14:53:27] 
INFO [2024-08-20 14:53:27] $fill
INFO [2024-08-20 14:53:27] c("skyblue", "pink")
INFO [2024-08-20 14:53:27] 
INFO [2024-08-20 14:53:27] $alpha
INFO [2024-08-20 14:53:27] [1] 0.5
INFO [2024-08-20 14:53:27] 
INFO [2024-08-20 14:53:27] $filename
INFO [2024-08-20 14:53:27] output_filename
INFO [2024-08-20 14:53:27] 
INFO [2024-08-20 14:53:27] $output
INFO [2024-08-20 14:53:27] [1] TRUE
INFO [2024-08-20 14:53:27] 
INFO [2024-08-20 14:53:27] $log
INFO [2024-08-20 14:53:27] [1] FALSE
INFO [2024-08-20 14:53:27] 
