INFO [2024-08-20 14:53:30] $x
INFO [2024-08-20 14:53:30] symbol_lists
INFO [2024-08-20 14:53:30] 
INFO [2024-08-20 14:53:30] $category.names
INFO [2024-08-20 14:53:30] labels
INFO [2024-08-20 14:53:30] 
INFO [2024-08-20 14:53:30] $main
INFO [2024-08-20 14:53:30] title
INFO [2024-08-20 14:53:30] 
INFO [2024-08-20 14:53:30] $main.cex
INFO [2024-08-20 14:53:30] [1] 2
INFO [2024-08-20 14:53:30] 
INFO [2024-08-20 14:53:30] $main.pos
INFO [2024-08-20 14:53:30] c(0.5, 1.1)
INFO [2024-08-20 14:53:30] 
INFO [2024-08-20 14:53:30] $cat.cex
INFO [2024-08-20 14:53:30] [1] 1.5
INFO [2024-08-20 14:53:30] 
INFO [2024-08-20 14:53:30] $cat.pos
INFO [2024-08-20 14:53:30] c(-20, 20)
INFO [2024-08-20 14:53:30] 
INFO [2024-08-20 14:53:30] $cat.dist
INFO [2024-08-20 14:53:30] c(0.05, 0.05)
INFO [2024-08-20 14:53:30] 
INFO [2024-08-20 14:53:30] $height
INFO [2024-08-20 14:53:30] [1] 3000
INFO [2024-08-20 14:53:30] 
INFO [2024-08-20 14:53:30] $width
INFO [2024-08-20 14:53:30] [1] 3000
INFO [2024-08-20 14:53:30] 
INFO [2024-08-20 14:53:30] $resolution
INFO [2024-08-20 14:53:30] [1] 300
INFO [2024-08-20 14:53:30] 
INFO [2024-08-20 14:53:30] $cex
INFO [2024-08-20 14:53:30] [1] 1.5
INFO [2024-08-20 14:53:30] 
INFO [2024-08-20 14:53:30] $fill
INFO [2024-08-20 14:53:30] c("skyblue", "pink")
INFO [2024-08-20 14:53:30] 
INFO [2024-08-20 14:53:30] $alpha
INFO [2024-08-20 14:53:30] [1] 0.5
INFO [2024-08-20 14:53:30] 
INFO [2024-08-20 14:53:30] $filename
INFO [2024-08-20 14:53:30] output_filename
INFO [2024-08-20 14:53:30] 
INFO [2024-08-20 14:53:30] $output
INFO [2024-08-20 14:53:30] [1] TRUE
INFO [2024-08-20 14:53:30] 
INFO [2024-08-20 14:53:30] $log
INFO [2024-08-20 14:53:30] [1] FALSE
INFO [2024-08-20 14:53:30] 
