INFO [2024-08-21 14:15:12] $x
INFO [2024-08-21 14:15:12] symbol_lists
INFO [2024-08-21 14:15:12] 
INFO [2024-08-21 14:15:12] $category.names
INFO [2024-08-21 14:15:12] labels
INFO [2024-08-21 14:15:12] 
INFO [2024-08-21 14:15:12] $main
INFO [2024-08-21 14:15:12] title
INFO [2024-08-21 14:15:12] 
INFO [2024-08-21 14:15:12] $main.cex
INFO [2024-08-21 14:15:12] [1] 2
INFO [2024-08-21 14:15:12] 
INFO [2024-08-21 14:15:12] $main.pos
INFO [2024-08-21 14:15:12] c(0.5, 1.1)
INFO [2024-08-21 14:15:12] 
INFO [2024-08-21 14:15:12] $cat.cex
INFO [2024-08-21 14:15:12] [1] 1.5
INFO [2024-08-21 14:15:12] 
INFO [2024-08-21 14:15:12] $cat.pos
INFO [2024-08-21 14:15:12] c(-20, 20)
INFO [2024-08-21 14:15:12] 
INFO [2024-08-21 14:15:12] $cat.dist
INFO [2024-08-21 14:15:12] c(0.05, 0.05)
INFO [2024-08-21 14:15:12] 
INFO [2024-08-21 14:15:12] $height
INFO [2024-08-21 14:15:12] [1] 3000
INFO [2024-08-21 14:15:12] 
INFO [2024-08-21 14:15:12] $width
INFO [2024-08-21 14:15:12] [1] 3000
INFO [2024-08-21 14:15:12] 
INFO [2024-08-21 14:15:12] $resolution
INFO [2024-08-21 14:15:12] [1] 300
INFO [2024-08-21 14:15:12] 
INFO [2024-08-21 14:15:12] $cex
INFO [2024-08-21 14:15:12] [1] 1.5
INFO [2024-08-21 14:15:12] 
INFO [2024-08-21 14:15:12] $fill
INFO [2024-08-21 14:15:12] c("skyblue", "pink")
INFO [2024-08-21 14:15:12] 
INFO [2024-08-21 14:15:12] $alpha
INFO [2024-08-21 14:15:12] [1] 0.5
INFO [2024-08-21 14:15:12] 
INFO [2024-08-21 14:15:12] $filename
INFO [2024-08-21 14:15:12] output_filename
INFO [2024-08-21 14:15:12] 
INFO [2024-08-21 14:15:12] $output
INFO [2024-08-21 14:15:12] [1] TRUE
INFO [2024-08-21 14:15:12] 
INFO [2024-08-21 14:15:12] $log
INFO [2024-08-21 14:15:12] [1] FALSE
INFO [2024-08-21 14:15:12] 
