INFO [2024-08-20 15:00:59] $x
INFO [2024-08-20 15:00:59] symbol_lists
INFO [2024-08-20 15:00:59] 
INFO [2024-08-20 15:00:59] $category.names
INFO [2024-08-20 15:00:59] labels
INFO [2024-08-20 15:00:59] 
INFO [2024-08-20 15:00:59] $main
INFO [2024-08-20 15:00:59] title
INFO [2024-08-20 15:00:59] 
INFO [2024-08-20 15:00:59] $main.cex
INFO [2024-08-20 15:00:59] [1] 2
INFO [2024-08-20 15:00:59] 
INFO [2024-08-20 15:00:59] $main.pos
INFO [2024-08-20 15:00:59] c(0.5, 1.1)
INFO [2024-08-20 15:00:59] 
INFO [2024-08-20 15:00:59] $cat.cex
INFO [2024-08-20 15:00:59] [1] 1.5
INFO [2024-08-20 15:00:59] 
INFO [2024-08-20 15:00:59] $cat.pos
INFO [2024-08-20 15:00:59] c(-20, 20)
INFO [2024-08-20 15:00:59] 
INFO [2024-08-20 15:00:59] $cat.dist
INFO [2024-08-20 15:00:59] c(0.05, 0.05)
INFO [2024-08-20 15:00:59] 
INFO [2024-08-20 15:00:59] $height
INFO [2024-08-20 15:00:59] [1] 3000
INFO [2024-08-20 15:00:59] 
INFO [2024-08-20 15:00:59] $width
INFO [2024-08-20 15:00:59] [1] 3000
INFO [2024-08-20 15:00:59] 
INFO [2024-08-20 15:00:59] $resolution
INFO [2024-08-20 15:00:59] [1] 300
INFO [2024-08-20 15:00:59] 
INFO [2024-08-20 15:00:59] $cex
INFO [2024-08-20 15:00:59] [1] 1.5
INFO [2024-08-20 15:00:59] 
INFO [2024-08-20 15:00:59] $fill
INFO [2024-08-20 15:00:59] c("skyblue", "pink")
INFO [2024-08-20 15:00:59] 
INFO [2024-08-20 15:00:59] $alpha
INFO [2024-08-20 15:00:59] [1] 0.5
INFO [2024-08-20 15:00:59] 
INFO [2024-08-20 15:00:59] $filename
INFO [2024-08-20 15:00:59] output_filename
INFO [2024-08-20 15:00:59] 
INFO [2024-08-20 15:00:59] $output
INFO [2024-08-20 15:00:59] [1] TRUE
INFO [2024-08-20 15:00:59] 
INFO [2024-08-20 15:00:59] $log
INFO [2024-08-20 15:00:59] [1] FALSE
INFO [2024-08-20 15:00:59] 
