INFO [2024-08-21 14:15:17] $x
INFO [2024-08-21 14:15:17] symbol_lists
INFO [2024-08-21 14:15:17] 
INFO [2024-08-21 14:15:17] $category.names
INFO [2024-08-21 14:15:17] labels
INFO [2024-08-21 14:15:17] 
INFO [2024-08-21 14:15:17] $main
INFO [2024-08-21 14:15:17] title
INFO [2024-08-21 14:15:17] 
INFO [2024-08-21 14:15:17] $main.cex
INFO [2024-08-21 14:15:17] [1] 2
INFO [2024-08-21 14:15:17] 
INFO [2024-08-21 14:15:17] $main.pos
INFO [2024-08-21 14:15:17] c(0.5, 1.1)
INFO [2024-08-21 14:15:17] 
INFO [2024-08-21 14:15:17] $cat.cex
INFO [2024-08-21 14:15:17] [1] 1.5
INFO [2024-08-21 14:15:17] 
INFO [2024-08-21 14:15:17] $cat.pos
INFO [2024-08-21 14:15:17] c(-20, 20)
INFO [2024-08-21 14:15:17] 
INFO [2024-08-21 14:15:17] $cat.dist
INFO [2024-08-21 14:15:17] c(0.05, 0.05)
INFO [2024-08-21 14:15:17] 
INFO [2024-08-21 14:15:17] $height
INFO [2024-08-21 14:15:17] [1] 3000
INFO [2024-08-21 14:15:17] 
INFO [2024-08-21 14:15:17] $width
INFO [2024-08-21 14:15:17] [1] 3000
INFO [2024-08-21 14:15:17] 
INFO [2024-08-21 14:15:17] $resolution
INFO [2024-08-21 14:15:17] [1] 300
INFO [2024-08-21 14:15:17] 
INFO [2024-08-21 14:15:17] $cex
INFO [2024-08-21 14:15:17] [1] 1.5
INFO [2024-08-21 14:15:17] 
INFO [2024-08-21 14:15:17] $fill
INFO [2024-08-21 14:15:17] c("skyblue", "pink")
INFO [2024-08-21 14:15:17] 
INFO [2024-08-21 14:15:17] $alpha
INFO [2024-08-21 14:15:17] [1] 0.5
INFO [2024-08-21 14:15:17] 
INFO [2024-08-21 14:15:17] $filename
INFO [2024-08-21 14:15:17] output_filename
INFO [2024-08-21 14:15:17] 
INFO [2024-08-21 14:15:17] $output
INFO [2024-08-21 14:15:17] [1] TRUE
INFO [2024-08-21 14:15:17] 
INFO [2024-08-21 14:15:17] $log
INFO [2024-08-21 14:15:17] [1] FALSE
INFO [2024-08-21 14:15:17] 
