INFO [2024-08-20 14:58:26] $x
INFO [2024-08-20 14:58:26] symbol_lists
INFO [2024-08-20 14:58:26] 
INFO [2024-08-20 14:58:26] $category.names
INFO [2024-08-20 14:58:26] labels
INFO [2024-08-20 14:58:26] 
INFO [2024-08-20 14:58:26] $main
INFO [2024-08-20 14:58:26] title
INFO [2024-08-20 14:58:26] 
INFO [2024-08-20 14:58:26] $main.cex
INFO [2024-08-20 14:58:26] [1] 2
INFO [2024-08-20 14:58:26] 
INFO [2024-08-20 14:58:26] $main.pos
INFO [2024-08-20 14:58:26] c(0.5, 1.1)
INFO [2024-08-20 14:58:26] 
INFO [2024-08-20 14:58:26] $cat.cex
INFO [2024-08-20 14:58:26] [1] 1.5
INFO [2024-08-20 14:58:26] 
INFO [2024-08-20 14:58:26] $cat.pos
INFO [2024-08-20 14:58:26] c(-20, 20)
INFO [2024-08-20 14:58:26] 
INFO [2024-08-20 14:58:26] $cat.dist
INFO [2024-08-20 14:58:26] c(0.05, 0.05)
INFO [2024-08-20 14:58:26] 
INFO [2024-08-20 14:58:26] $height
INFO [2024-08-20 14:58:26] [1] 3000
INFO [2024-08-20 14:58:26] 
INFO [2024-08-20 14:58:26] $width
INFO [2024-08-20 14:58:26] [1] 3000
INFO [2024-08-20 14:58:26] 
INFO [2024-08-20 14:58:26] $resolution
INFO [2024-08-20 14:58:26] [1] 300
INFO [2024-08-20 14:58:26] 
INFO [2024-08-20 14:58:26] $cex
INFO [2024-08-20 14:58:26] [1] 1.5
INFO [2024-08-20 14:58:26] 
INFO [2024-08-20 14:58:26] $fill
INFO [2024-08-20 14:58:26] c("skyblue", "pink")
INFO [2024-08-20 14:58:26] 
INFO [2024-08-20 14:58:26] $alpha
INFO [2024-08-20 14:58:26] [1] 0.5
INFO [2024-08-20 14:58:26] 
INFO [2024-08-20 14:58:26] $filename
INFO [2024-08-20 14:58:26] output_filename
INFO [2024-08-20 14:58:26] 
INFO [2024-08-20 14:58:26] $output
INFO [2024-08-20 14:58:26] [1] TRUE
INFO [2024-08-20 14:58:26] 
INFO [2024-08-20 14:58:26] $log
INFO [2024-08-20 14:58:26] [1] FALSE
INFO [2024-08-20 14:58:26] 
