INFO [2024-08-21 14:22:10] $x
INFO [2024-08-21 14:22:10] symbol_lists
INFO [2024-08-21 14:22:10] 
INFO [2024-08-21 14:22:10] $category.names
INFO [2024-08-21 14:22:10] labels
INFO [2024-08-21 14:22:10] 
INFO [2024-08-21 14:22:10] $main
INFO [2024-08-21 14:22:10] title
INFO [2024-08-21 14:22:10] 
INFO [2024-08-21 14:22:10] $main.cex
INFO [2024-08-21 14:22:10] [1] 2
INFO [2024-08-21 14:22:10] 
INFO [2024-08-21 14:22:10] $main.pos
INFO [2024-08-21 14:22:10] c(0.5, 1.1)
INFO [2024-08-21 14:22:10] 
INFO [2024-08-21 14:22:10] $cat.cex
INFO [2024-08-21 14:22:10] [1] 1.5
INFO [2024-08-21 14:22:10] 
INFO [2024-08-21 14:22:10] $cat.pos
INFO [2024-08-21 14:22:10] c(-20, 20)
INFO [2024-08-21 14:22:10] 
INFO [2024-08-21 14:22:10] $cat.dist
INFO [2024-08-21 14:22:10] c(0.05, 0.05)
INFO [2024-08-21 14:22:10] 
INFO [2024-08-21 14:22:10] $height
INFO [2024-08-21 14:22:10] [1] 3000
INFO [2024-08-21 14:22:10] 
INFO [2024-08-21 14:22:10] $width
INFO [2024-08-21 14:22:10] [1] 3000
INFO [2024-08-21 14:22:10] 
INFO [2024-08-21 14:22:10] $resolution
INFO [2024-08-21 14:22:10] [1] 300
INFO [2024-08-21 14:22:10] 
INFO [2024-08-21 14:22:10] $cex
INFO [2024-08-21 14:22:10] [1] 1.5
INFO [2024-08-21 14:22:10] 
INFO [2024-08-21 14:22:10] $fill
INFO [2024-08-21 14:22:10] c("skyblue", "pink")
INFO [2024-08-21 14:22:10] 
INFO [2024-08-21 14:22:10] $alpha
INFO [2024-08-21 14:22:10] [1] 0.5
INFO [2024-08-21 14:22:10] 
INFO [2024-08-21 14:22:10] $filename
INFO [2024-08-21 14:22:10] output_filename
INFO [2024-08-21 14:22:10] 
INFO [2024-08-21 14:22:10] $output
INFO [2024-08-21 14:22:10] [1] TRUE
INFO [2024-08-21 14:22:10] 
INFO [2024-08-21 14:22:10] $log
INFO [2024-08-21 14:22:10] [1] FALSE
INFO [2024-08-21 14:22:10] 
