INFO [2024-08-21 14:15:21] $x
INFO [2024-08-21 14:15:21] symbol_lists
INFO [2024-08-21 14:15:21] 
INFO [2024-08-21 14:15:21] $category.names
INFO [2024-08-21 14:15:21] labels
INFO [2024-08-21 14:15:21] 
INFO [2024-08-21 14:15:21] $main
INFO [2024-08-21 14:15:21] title
INFO [2024-08-21 14:15:21] 
INFO [2024-08-21 14:15:21] $main.cex
INFO [2024-08-21 14:15:21] [1] 2
INFO [2024-08-21 14:15:21] 
INFO [2024-08-21 14:15:21] $main.pos
INFO [2024-08-21 14:15:21] c(0.5, 1.1)
INFO [2024-08-21 14:15:21] 
INFO [2024-08-21 14:15:21] $cat.cex
INFO [2024-08-21 14:15:21] [1] 1.5
INFO [2024-08-21 14:15:21] 
INFO [2024-08-21 14:15:21] $cat.pos
INFO [2024-08-21 14:15:21] c(-20, 20)
INFO [2024-08-21 14:15:21] 
INFO [2024-08-21 14:15:21] $cat.dist
INFO [2024-08-21 14:15:21] c(0.05, 0.05)
INFO [2024-08-21 14:15:21] 
INFO [2024-08-21 14:15:21] $height
INFO [2024-08-21 14:15:21] [1] 3000
INFO [2024-08-21 14:15:21] 
INFO [2024-08-21 14:15:21] $width
INFO [2024-08-21 14:15:21] [1] 3000
INFO [2024-08-21 14:15:21] 
INFO [2024-08-21 14:15:21] $resolution
INFO [2024-08-21 14:15:21] [1] 300
INFO [2024-08-21 14:15:21] 
INFO [2024-08-21 14:15:21] $cex
INFO [2024-08-21 14:15:21] [1] 1.5
INFO [2024-08-21 14:15:21] 
INFO [2024-08-21 14:15:21] $fill
INFO [2024-08-21 14:15:21] c("skyblue", "pink")
INFO [2024-08-21 14:15:21] 
INFO [2024-08-21 14:15:21] $alpha
INFO [2024-08-21 14:15:21] [1] 0.5
INFO [2024-08-21 14:15:21] 
INFO [2024-08-21 14:15:21] $filename
INFO [2024-08-21 14:15:21] output_filename
INFO [2024-08-21 14:15:21] 
INFO [2024-08-21 14:15:21] $output
INFO [2024-08-21 14:15:21] [1] TRUE
INFO [2024-08-21 14:15:21] 
INFO [2024-08-21 14:15:21] $log
INFO [2024-08-21 14:15:21] [1] FALSE
INFO [2024-08-21 14:15:21] 
