INFO [2024-08-21 14:27:47] $x
INFO [2024-08-21 14:27:47] symbol_lists
INFO [2024-08-21 14:27:47] 
INFO [2024-08-21 14:27:47] $category.names
INFO [2024-08-21 14:27:47] labels
INFO [2024-08-21 14:27:47] 
INFO [2024-08-21 14:27:47] $main
INFO [2024-08-21 14:27:47] title
INFO [2024-08-21 14:27:47] 
INFO [2024-08-21 14:27:47] $main.cex
INFO [2024-08-21 14:27:47] [1] 2
INFO [2024-08-21 14:27:47] 
INFO [2024-08-21 14:27:47] $main.pos
INFO [2024-08-21 14:27:47] c(0.5, 1.1)
INFO [2024-08-21 14:27:47] 
INFO [2024-08-21 14:27:47] $cat.cex
INFO [2024-08-21 14:27:47] [1] 1.5
INFO [2024-08-21 14:27:47] 
INFO [2024-08-21 14:27:47] $cat.pos
INFO [2024-08-21 14:27:47] c(-20, 20, 20, -20)
INFO [2024-08-21 14:27:47] 
INFO [2024-08-21 14:27:47] $cat.dist
INFO [2024-08-21 14:27:47] c(0.05, 0.05, 0.05, 0.05)
INFO [2024-08-21 14:27:47] 
INFO [2024-08-21 14:27:47] $height
INFO [2024-08-21 14:27:47] [1] 3000
INFO [2024-08-21 14:27:47] 
INFO [2024-08-21 14:27:47] $width
INFO [2024-08-21 14:27:47] [1] 3000
INFO [2024-08-21 14:27:47] 
INFO [2024-08-21 14:27:47] $resolution
INFO [2024-08-21 14:27:47] [1] 300
INFO [2024-08-21 14:27:47] 
INFO [2024-08-21 14:27:47] $cex
INFO [2024-08-21 14:27:47] [1] 1.5
INFO [2024-08-21 14:27:47] 
INFO [2024-08-21 14:27:47] $fill
INFO [2024-08-21 14:27:47] c("skyblue", "pink", "lightgreen", "orange")
INFO [2024-08-21 14:27:47] 
INFO [2024-08-21 14:27:47] $alpha
INFO [2024-08-21 14:27:47] [1] 0.5
INFO [2024-08-21 14:27:47] 
INFO [2024-08-21 14:27:47] $filename
INFO [2024-08-21 14:27:47] output_filename
INFO [2024-08-21 14:27:47] 
INFO [2024-08-21 14:27:47] $output
INFO [2024-08-21 14:27:47] [1] TRUE
INFO [2024-08-21 14:27:47] 
INFO [2024-08-21 14:27:47] $log
INFO [2024-08-21 14:27:47] [1] FALSE
INFO [2024-08-21 14:27:47] 
