INFO [2024-08-21 14:46:53] $x
INFO [2024-08-21 14:46:53] symbol_lists
INFO [2024-08-21 14:46:53] 
INFO [2024-08-21 14:46:53] $category.names
INFO [2024-08-21 14:46:53] labels
INFO [2024-08-21 14:46:53] 
INFO [2024-08-21 14:46:53] $main
INFO [2024-08-21 14:46:53] title
INFO [2024-08-21 14:46:53] 
INFO [2024-08-21 14:46:53] $main.cex
INFO [2024-08-21 14:46:53] [1] 2
INFO [2024-08-21 14:46:53] 
INFO [2024-08-21 14:46:53] $main.pos
INFO [2024-08-21 14:46:53] c(0.5, 1.1)
INFO [2024-08-21 14:46:53] 
INFO [2024-08-21 14:46:53] $cat.cex
INFO [2024-08-21 14:46:53] [1] 1.5
INFO [2024-08-21 14:46:53] 
INFO [2024-08-21 14:46:53] $cat.pos
INFO [2024-08-21 14:46:53] c(-20, 20, 20, -20)
INFO [2024-08-21 14:46:53] 
INFO [2024-08-21 14:46:53] $cat.dist
INFO [2024-08-21 14:46:53] c(0.05, 0.05, 0.05, 0.05)
INFO [2024-08-21 14:46:53] 
INFO [2024-08-21 14:46:53] $height
INFO [2024-08-21 14:46:53] [1] 3000
INFO [2024-08-21 14:46:53] 
INFO [2024-08-21 14:46:53] $width
INFO [2024-08-21 14:46:53] [1] 3000
INFO [2024-08-21 14:46:53] 
INFO [2024-08-21 14:46:53] $resolution
INFO [2024-08-21 14:46:53] [1] 300
INFO [2024-08-21 14:46:53] 
INFO [2024-08-21 14:46:53] $cex
INFO [2024-08-21 14:46:53] [1] 1.5
INFO [2024-08-21 14:46:53] 
INFO [2024-08-21 14:46:53] $fill
INFO [2024-08-21 14:46:53] c("skyblue", "pink", "lightgreen", "orange")
INFO [2024-08-21 14:46:53] 
INFO [2024-08-21 14:46:53] $alpha
INFO [2024-08-21 14:46:53] [1] 0.5
INFO [2024-08-21 14:46:53] 
INFO [2024-08-21 14:46:53] $filename
INFO [2024-08-21 14:46:53] output_filename
INFO [2024-08-21 14:46:53] 
INFO [2024-08-21 14:46:53] $output
INFO [2024-08-21 14:46:53] [1] TRUE
INFO [2024-08-21 14:46:53] 
INFO [2024-08-21 14:46:53] $log
INFO [2024-08-21 14:46:53] [1] FALSE
INFO [2024-08-21 14:46:53] 
