INFO [2024-09-04 15:11:54] $x
INFO [2024-09-04 15:11:54] symbol_lists
INFO [2024-09-04 15:11:54] 
INFO [2024-09-04 15:11:54] $category.names
INFO [2024-09-04 15:11:54] adjusted_labels
INFO [2024-09-04 15:11:54] 
INFO [2024-09-04 15:11:54] $main
INFO [2024-09-04 15:11:54] title
INFO [2024-09-04 15:11:54] 
INFO [2024-09-04 15:11:54] $main.cex
INFO [2024-09-04 15:11:54] [1] 2.5
INFO [2024-09-04 15:11:54] 
INFO [2024-09-04 15:11:54] $main.pos
INFO [2024-09-04 15:11:54] c(0.2, 1)
INFO [2024-09-04 15:11:54] 
INFO [2024-09-04 15:11:54] $main.fontface
INFO [2024-09-04 15:11:54] [1] "bold"
INFO [2024-09-04 15:11:54] 
INFO [2024-09-04 15:11:54] $lwd
INFO [2024-09-04 15:11:54] [1] 2
INFO [2024-09-04 15:11:54] 
INFO [2024-09-04 15:11:54] $lty
INFO [2024-09-04 15:11:54] [1] "blank"
INFO [2024-09-04 15:11:54] 
INFO [2024-09-04 15:11:54] $fill
INFO [2024-09-04 15:11:54] fill_colors
INFO [2024-09-04 15:11:54] 
INFO [2024-09-04 15:11:54] $alpha
INFO [2024-09-04 15:11:54] [1] 0.5
INFO [2024-09-04 15:11:54] 
INFO [2024-09-04 15:11:54] $cex
INFO [2024-09-04 15:11:54] [1] 1.5
INFO [2024-09-04 15:11:54] 
INFO [2024-09-04 15:11:54] $fontface
INFO [2024-09-04 15:11:54] [1] "italic"
INFO [2024-09-04 15:11:54] 
INFO [2024-09-04 15:11:54] $cat.cex
INFO [2024-09-04 15:11:54] [1] 1.5
INFO [2024-09-04 15:11:54] 
INFO [2024-09-04 15:11:54] $cat.fontface
INFO [2024-09-04 15:11:54] [1] "bold"
INFO [2024-09-04 15:11:54] 
INFO [2024-09-04 15:11:54] $cat.col
INFO [2024-09-04 15:11:54] label_colors
INFO [2024-09-04 15:11:54] 
INFO [2024-09-04 15:11:54] $cat.default.pos
INFO [2024-09-04 15:11:54] [1] "outer"
INFO [2024-09-04 15:11:54] 
INFO [2024-09-04 15:11:54] $cat.dist
INFO [2024-09-04 15:11:54] c(0.21, 0.21, -0.1, -0.1)
INFO [2024-09-04 15:11:54] 
INFO [2024-09-04 15:11:54] $cat.pos
INFO [2024-09-04 15:11:54] c(-7, 7, 180, 180)
INFO [2024-09-04 15:11:54] 
INFO [2024-09-04 15:11:54] $height
INFO [2024-09-04 15:11:54] [1] 3000
INFO [2024-09-04 15:11:54] 
INFO [2024-09-04 15:11:54] $width
INFO [2024-09-04 15:11:54] [1] 3000
INFO [2024-09-04 15:11:54] 
INFO [2024-09-04 15:11:54] $resolution
INFO [2024-09-04 15:11:54] [1] 300
INFO [2024-09-04 15:11:54] 
INFO [2024-09-04 15:11:54] $filename
INFO [2024-09-04 15:11:54] output_filename
INFO [2024-09-04 15:11:54] 
INFO [2024-09-04 15:11:54] $output
INFO [2024-09-04 15:11:54] [1] TRUE
INFO [2024-09-04 15:11:54] 
INFO [2024-09-04 15:11:54] $log
INFO [2024-09-04 15:11:54] [1] FALSE
INFO [2024-09-04 15:11:54] 
