INFO [2024-09-04 15:11:52] $x
INFO [2024-09-04 15:11:52] symbol_lists
INFO [2024-09-04 15:11:52] 
INFO [2024-09-04 15:11:52] $category.names
INFO [2024-09-04 15:11:52] adjusted_labels
INFO [2024-09-04 15:11:52] 
INFO [2024-09-04 15:11:52] $main
INFO [2024-09-04 15:11:52] title
INFO [2024-09-04 15:11:52] 
INFO [2024-09-04 15:11:52] $main.cex
INFO [2024-09-04 15:11:52] [1] 2.5
INFO [2024-09-04 15:11:52] 
INFO [2024-09-04 15:11:52] $main.pos
INFO [2024-09-04 15:11:52] c(0.2, 1)
INFO [2024-09-04 15:11:52] 
INFO [2024-09-04 15:11:52] $main.fontface
INFO [2024-09-04 15:11:52] [1] "bold"
INFO [2024-09-04 15:11:52] 
INFO [2024-09-04 15:11:52] $lwd
INFO [2024-09-04 15:11:52] [1] 2
INFO [2024-09-04 15:11:52] 
INFO [2024-09-04 15:11:52] $lty
INFO [2024-09-04 15:11:52] [1] "blank"
INFO [2024-09-04 15:11:52] 
INFO [2024-09-04 15:11:52] $fill
INFO [2024-09-04 15:11:52] fill_colors
INFO [2024-09-04 15:11:52] 
INFO [2024-09-04 15:11:52] $alpha
INFO [2024-09-04 15:11:52] [1] 0.5
INFO [2024-09-04 15:11:52] 
INFO [2024-09-04 15:11:52] $cex
INFO [2024-09-04 15:11:52] [1] 1.5
INFO [2024-09-04 15:11:52] 
INFO [2024-09-04 15:11:52] $fontface
INFO [2024-09-04 15:11:52] [1] "italic"
INFO [2024-09-04 15:11:52] 
INFO [2024-09-04 15:11:52] $cat.cex
INFO [2024-09-04 15:11:52] [1] 1.5
INFO [2024-09-04 15:11:52] 
INFO [2024-09-04 15:11:52] $cat.fontface
INFO [2024-09-04 15:11:52] [1] "bold"
INFO [2024-09-04 15:11:52] 
INFO [2024-09-04 15:11:52] $cat.col
INFO [2024-09-04 15:11:52] label_colors
INFO [2024-09-04 15:11:52] 
INFO [2024-09-04 15:11:52] $cat.default.pos
INFO [2024-09-04 15:11:52] [1] "outer"
INFO [2024-09-04 15:11:52] 
INFO [2024-09-04 15:11:52] $cat.dist
INFO [2024-09-04 15:11:52] c(0.21, 0.21, -0.1, -0.1)
INFO [2024-09-04 15:11:52] 
INFO [2024-09-04 15:11:52] $cat.pos
INFO [2024-09-04 15:11:52] c(-7, 7, 180, 180)
INFO [2024-09-04 15:11:52] 
INFO [2024-09-04 15:11:52] $height
INFO [2024-09-04 15:11:52] [1] 3000
INFO [2024-09-04 15:11:52] 
INFO [2024-09-04 15:11:52] $width
INFO [2024-09-04 15:11:52] [1] 3000
INFO [2024-09-04 15:11:52] 
INFO [2024-09-04 15:11:52] $resolution
INFO [2024-09-04 15:11:52] [1] 300
INFO [2024-09-04 15:11:52] 
INFO [2024-09-04 15:11:52] $filename
INFO [2024-09-04 15:11:52] output_filename
INFO [2024-09-04 15:11:52] 
INFO [2024-09-04 15:11:52] $output
INFO [2024-09-04 15:11:52] [1] TRUE
INFO [2024-09-04 15:11:52] 
INFO [2024-09-04 15:11:52] $log
INFO [2024-09-04 15:11:52] [1] FALSE
INFO [2024-09-04 15:11:52] 
