INFO [2024-08-21 14:37:11] $x
INFO [2024-08-21 14:37:11] symbol_lists
INFO [2024-08-21 14:37:11] 
INFO [2024-08-21 14:37:11] $category.names
INFO [2024-08-21 14:37:11] labels
INFO [2024-08-21 14:37:11] 
INFO [2024-08-21 14:37:11] $main
INFO [2024-08-21 14:37:11] title
INFO [2024-08-21 14:37:11] 
INFO [2024-08-21 14:37:11] $main.cex
INFO [2024-08-21 14:37:11] [1] 2
INFO [2024-08-21 14:37:11] 
INFO [2024-08-21 14:37:11] $main.pos
INFO [2024-08-21 14:37:11] c(0.5, 1.1)
INFO [2024-08-21 14:37:11] 
INFO [2024-08-21 14:37:11] $cat.cex
INFO [2024-08-21 14:37:11] [1] 1.5
INFO [2024-08-21 14:37:11] 
INFO [2024-08-21 14:37:11] $cat.pos
INFO [2024-08-21 14:37:11] c(-20, 20, 20, -20)
INFO [2024-08-21 14:37:11] 
INFO [2024-08-21 14:37:11] $cat.dist
INFO [2024-08-21 14:37:11] c(0.05, 0.05, 0.05, 0.05)
INFO [2024-08-21 14:37:11] 
INFO [2024-08-21 14:37:11] $height
INFO [2024-08-21 14:37:11] [1] 3000
INFO [2024-08-21 14:37:11] 
INFO [2024-08-21 14:37:11] $width
INFO [2024-08-21 14:37:11] [1] 3000
INFO [2024-08-21 14:37:11] 
INFO [2024-08-21 14:37:11] $resolution
INFO [2024-08-21 14:37:11] [1] 300
INFO [2024-08-21 14:37:11] 
INFO [2024-08-21 14:37:11] $cex
INFO [2024-08-21 14:37:11] [1] 1.5
INFO [2024-08-21 14:37:11] 
INFO [2024-08-21 14:37:11] $fill
INFO [2024-08-21 14:37:11] c("skyblue", "pink", "lightgreen", "orange")
INFO [2024-08-21 14:37:11] 
INFO [2024-08-21 14:37:11] $alpha
INFO [2024-08-21 14:37:11] [1] 0.5
INFO [2024-08-21 14:37:11] 
INFO [2024-08-21 14:37:11] $filename
INFO [2024-08-21 14:37:11] output_filename
INFO [2024-08-21 14:37:11] 
INFO [2024-08-21 14:37:11] $output
INFO [2024-08-21 14:37:11] [1] TRUE
INFO [2024-08-21 14:37:11] 
INFO [2024-08-21 14:37:11] $log
INFO [2024-08-21 14:37:11] [1] FALSE
INFO [2024-08-21 14:37:11] 
