INFO [2024-09-04 15:11:50] $x
INFO [2024-09-04 15:11:50] symbol_lists
INFO [2024-09-04 15:11:50] 
INFO [2024-09-04 15:11:50] $category.names
INFO [2024-09-04 15:11:50] adjusted_labels
INFO [2024-09-04 15:11:50] 
INFO [2024-09-04 15:11:50] $main
INFO [2024-09-04 15:11:50] title
INFO [2024-09-04 15:11:50] 
INFO [2024-09-04 15:11:50] $main.cex
INFO [2024-09-04 15:11:50] [1] 2.5
INFO [2024-09-04 15:11:50] 
INFO [2024-09-04 15:11:50] $main.pos
INFO [2024-09-04 15:11:50] c(0.2, 1)
INFO [2024-09-04 15:11:50] 
INFO [2024-09-04 15:11:50] $main.fontface
INFO [2024-09-04 15:11:50] [1] "bold"
INFO [2024-09-04 15:11:50] 
INFO [2024-09-04 15:11:50] $lwd
INFO [2024-09-04 15:11:50] [1] 2
INFO [2024-09-04 15:11:50] 
INFO [2024-09-04 15:11:50] $lty
INFO [2024-09-04 15:11:50] [1] "blank"
INFO [2024-09-04 15:11:50] 
INFO [2024-09-04 15:11:50] $fill
INFO [2024-09-04 15:11:50] fill_colors
INFO [2024-09-04 15:11:50] 
INFO [2024-09-04 15:11:50] $alpha
INFO [2024-09-04 15:11:50] [1] 0.5
INFO [2024-09-04 15:11:50] 
INFO [2024-09-04 15:11:50] $cex
INFO [2024-09-04 15:11:50] [1] 1.5
INFO [2024-09-04 15:11:50] 
INFO [2024-09-04 15:11:50] $fontface
INFO [2024-09-04 15:11:50] [1] "italic"
INFO [2024-09-04 15:11:50] 
INFO [2024-09-04 15:11:50] $cat.cex
INFO [2024-09-04 15:11:50] [1] 1.5
INFO [2024-09-04 15:11:50] 
INFO [2024-09-04 15:11:50] $cat.fontface
INFO [2024-09-04 15:11:50] [1] "bold"
INFO [2024-09-04 15:11:50] 
INFO [2024-09-04 15:11:50] $cat.col
INFO [2024-09-04 15:11:50] label_colors
INFO [2024-09-04 15:11:50] 
INFO [2024-09-04 15:11:50] $cat.default.pos
INFO [2024-09-04 15:11:50] [1] "outer"
INFO [2024-09-04 15:11:50] 
INFO [2024-09-04 15:11:50] $cat.dist
INFO [2024-09-04 15:11:50] c(0.21, 0.21, -0.1, -0.1)
INFO [2024-09-04 15:11:50] 
INFO [2024-09-04 15:11:50] $cat.pos
INFO [2024-09-04 15:11:50] c(-7, 7, 180, 180)
INFO [2024-09-04 15:11:50] 
INFO [2024-09-04 15:11:50] $height
INFO [2024-09-04 15:11:50] [1] 3000
INFO [2024-09-04 15:11:50] 
INFO [2024-09-04 15:11:50] $width
INFO [2024-09-04 15:11:50] [1] 3000
INFO [2024-09-04 15:11:50] 
INFO [2024-09-04 15:11:50] $resolution
INFO [2024-09-04 15:11:50] [1] 300
INFO [2024-09-04 15:11:50] 
INFO [2024-09-04 15:11:50] $filename
INFO [2024-09-04 15:11:50] output_filename
INFO [2024-09-04 15:11:50] 
INFO [2024-09-04 15:11:50] $output
INFO [2024-09-04 15:11:50] [1] TRUE
INFO [2024-09-04 15:11:50] 
INFO [2024-09-04 15:11:50] $log
INFO [2024-09-04 15:11:50] [1] FALSE
INFO [2024-09-04 15:11:50] 
