INFO [2024-08-21 14:32:01] $x
INFO [2024-08-21 14:32:01] symbol_lists
INFO [2024-08-21 14:32:01] 
INFO [2024-08-21 14:32:01] $category.names
INFO [2024-08-21 14:32:01] labels
INFO [2024-08-21 14:32:01] 
INFO [2024-08-21 14:32:01] $main
INFO [2024-08-21 14:32:01] title
INFO [2024-08-21 14:32:01] 
INFO [2024-08-21 14:32:01] $main.cex
INFO [2024-08-21 14:32:01] [1] 2
INFO [2024-08-21 14:32:01] 
INFO [2024-08-21 14:32:01] $main.pos
INFO [2024-08-21 14:32:01] c(0.5, 1.1)
INFO [2024-08-21 14:32:01] 
INFO [2024-08-21 14:32:01] $cat.cex
INFO [2024-08-21 14:32:01] [1] 1.5
INFO [2024-08-21 14:32:01] 
INFO [2024-08-21 14:32:01] $cat.pos
INFO [2024-08-21 14:32:01] c(-20, 20, 20, -20)
INFO [2024-08-21 14:32:01] 
INFO [2024-08-21 14:32:01] $cat.dist
INFO [2024-08-21 14:32:01] c(0.05, 0.05, 0.05, 0.05)
INFO [2024-08-21 14:32:01] 
INFO [2024-08-21 14:32:01] $height
INFO [2024-08-21 14:32:01] [1] 3000
INFO [2024-08-21 14:32:01] 
INFO [2024-08-21 14:32:01] $width
INFO [2024-08-21 14:32:01] [1] 3000
INFO [2024-08-21 14:32:01] 
INFO [2024-08-21 14:32:01] $resolution
INFO [2024-08-21 14:32:01] [1] 300
INFO [2024-08-21 14:32:01] 
INFO [2024-08-21 14:32:01] $cex
INFO [2024-08-21 14:32:01] [1] 1.5
INFO [2024-08-21 14:32:01] 
INFO [2024-08-21 14:32:01] $fill
INFO [2024-08-21 14:32:01] c("skyblue", "pink", "lightgreen", "orange")
INFO [2024-08-21 14:32:01] 
INFO [2024-08-21 14:32:01] $alpha
INFO [2024-08-21 14:32:01] [1] 0.5
INFO [2024-08-21 14:32:01] 
INFO [2024-08-21 14:32:01] $filename
INFO [2024-08-21 14:32:01] output_filename
INFO [2024-08-21 14:32:01] 
INFO [2024-08-21 14:32:01] $output
INFO [2024-08-21 14:32:01] [1] TRUE
INFO [2024-08-21 14:32:01] 
INFO [2024-08-21 14:32:01] $log
INFO [2024-08-21 14:32:01] [1] FALSE
INFO [2024-08-21 14:32:01] 
