INFO [2024-08-21 14:37:13] $x
INFO [2024-08-21 14:37:13] symbol_lists
INFO [2024-08-21 14:37:13] 
INFO [2024-08-21 14:37:13] $category.names
INFO [2024-08-21 14:37:13] labels
INFO [2024-08-21 14:37:13] 
INFO [2024-08-21 14:37:13] $main
INFO [2024-08-21 14:37:13] title
INFO [2024-08-21 14:37:13] 
INFO [2024-08-21 14:37:13] $main.cex
INFO [2024-08-21 14:37:13] [1] 2
INFO [2024-08-21 14:37:13] 
INFO [2024-08-21 14:37:13] $main.pos
INFO [2024-08-21 14:37:13] c(0.5, 1.1)
INFO [2024-08-21 14:37:13] 
INFO [2024-08-21 14:37:13] $cat.cex
INFO [2024-08-21 14:37:13] [1] 1.5
INFO [2024-08-21 14:37:13] 
INFO [2024-08-21 14:37:13] $cat.pos
INFO [2024-08-21 14:37:13] c(-20, 20, 20, -20)
INFO [2024-08-21 14:37:13] 
INFO [2024-08-21 14:37:13] $cat.dist
INFO [2024-08-21 14:37:13] c(0.05, 0.05, 0.05, 0.05)
INFO [2024-08-21 14:37:13] 
INFO [2024-08-21 14:37:13] $height
INFO [2024-08-21 14:37:13] [1] 3000
INFO [2024-08-21 14:37:13] 
INFO [2024-08-21 14:37:13] $width
INFO [2024-08-21 14:37:13] [1] 3000
INFO [2024-08-21 14:37:13] 
INFO [2024-08-21 14:37:13] $resolution
INFO [2024-08-21 14:37:13] [1] 300
INFO [2024-08-21 14:37:13] 
INFO [2024-08-21 14:37:13] $cex
INFO [2024-08-21 14:37:13] [1] 1.5
INFO [2024-08-21 14:37:13] 
INFO [2024-08-21 14:37:13] $fill
INFO [2024-08-21 14:37:13] c("skyblue", "pink", "lightgreen", "orange")
INFO [2024-08-21 14:37:13] 
INFO [2024-08-21 14:37:13] $alpha
INFO [2024-08-21 14:37:13] [1] 0.5
INFO [2024-08-21 14:37:13] 
INFO [2024-08-21 14:37:13] $filename
INFO [2024-08-21 14:37:13] output_filename
INFO [2024-08-21 14:37:13] 
INFO [2024-08-21 14:37:13] $output
INFO [2024-08-21 14:37:13] [1] TRUE
INFO [2024-08-21 14:37:13] 
INFO [2024-08-21 14:37:13] $log
INFO [2024-08-21 14:37:13] [1] FALSE
INFO [2024-08-21 14:37:13] 
