INFO [2024-08-20 16:41:35] $x
INFO [2024-08-20 16:41:35] symbol_lists
INFO [2024-08-20 16:41:35] 
INFO [2024-08-20 16:41:35] $category.names
INFO [2024-08-20 16:41:35] labels
INFO [2024-08-20 16:41:35] 
INFO [2024-08-20 16:41:35] $main
INFO [2024-08-20 16:41:35] title
INFO [2024-08-20 16:41:35] 
INFO [2024-08-20 16:41:35] $main.cex
INFO [2024-08-20 16:41:35] [1] 2
INFO [2024-08-20 16:41:35] 
INFO [2024-08-20 16:41:35] $main.pos
INFO [2024-08-20 16:41:35] c(0.5, 1.1)
INFO [2024-08-20 16:41:35] 
INFO [2024-08-20 16:41:35] $cat.cex
INFO [2024-08-20 16:41:35] [1] 1.5
INFO [2024-08-20 16:41:35] 
INFO [2024-08-20 16:41:35] $cat.pos
INFO [2024-08-20 16:41:35] c(-20, 20)
INFO [2024-08-20 16:41:35] 
INFO [2024-08-20 16:41:35] $cat.dist
INFO [2024-08-20 16:41:35] c(0.05, 0.05)
INFO [2024-08-20 16:41:35] 
INFO [2024-08-20 16:41:35] $height
INFO [2024-08-20 16:41:35] [1] 3000
INFO [2024-08-20 16:41:35] 
INFO [2024-08-20 16:41:35] $width
INFO [2024-08-20 16:41:35] [1] 3000
INFO [2024-08-20 16:41:35] 
INFO [2024-08-20 16:41:35] $resolution
INFO [2024-08-20 16:41:35] [1] 300
INFO [2024-08-20 16:41:35] 
INFO [2024-08-20 16:41:35] $cex
INFO [2024-08-20 16:41:35] [1] 1.5
INFO [2024-08-20 16:41:35] 
INFO [2024-08-20 16:41:35] $fill
INFO [2024-08-20 16:41:35] c("skyblue", "pink")
INFO [2024-08-20 16:41:35] 
INFO [2024-08-20 16:41:35] $alpha
INFO [2024-08-20 16:41:35] [1] 0.5
INFO [2024-08-20 16:41:35] 
INFO [2024-08-20 16:41:35] $filename
INFO [2024-08-20 16:41:35] output_filename
INFO [2024-08-20 16:41:35] 
INFO [2024-08-20 16:41:35] $output
INFO [2024-08-20 16:41:35] [1] TRUE
INFO [2024-08-20 16:41:35] 
INFO [2024-08-20 16:41:35] $log
INFO [2024-08-20 16:41:35] [1] FALSE
INFO [2024-08-20 16:41:35] 
ERROR [2024-08-20 16:41:36] Unexpected parameter length for "fill"
